"File: EEPROM.c      Assembler  Version HGASM0202      Page 1


   1  0000              ; Generated by holtek-gcc v3.19, Tue Jul 23 17:13:51 2019
   2  0000              ; 
   3  0000              ; Configuration:
   4  0000              ;       without long instruction
   5  0000              ;       Single ROM, Multi-RAM
   6  0000              ;       bits_per_rom_unit:16
   7  0000              ;       with mp1
   8  0000              ;       with tbhp, address(0x9)
   9  0000              ;          Use tabrd-const
  10  0000              ;       
  11  0000              ;       
  12  0000              ;       
  13  0000              ; use 'tabrdc' instead of 'tabrd'
  14  0000              ;       
  15  0000              
  16  0000              #pragma translator "holtek-gcc 4.6.4" "3.19" "build 20130711"
  17  0000              ; Rebuild 115
  18  0000              
  19  0000              ir equ [2]
  20  0000              mp equ [3]
  21  0000              sbp equ [1]
  22  0000              acc equ [5]
  23  0000              bp equ [4]
  24  0000              tblp equ [7]
  25  0000              tbhp equ [9]
  26  0000              status equ [10]
  27  0000              c equ [10].0
  28  0000              ac equ [10].1
  29  0000              z equ [10].2
  30  0000              ov equ [10].3
  31  0000              intc equ [11]
  32  0000              
  33  0000              extern ra:byte
  34  0000              extern rb:byte
  35  0000              extern rc:byte
  36  0000              extern rd:byte
  37  0000              extern re:byte
  38  0000              extern rf:byte
  39  0000              extern rg:byte
  40  0000              extern rh:byte
  41  0000              extern _Crom2Prom:near
  42  0000              extern _Crom2PromNext:near
  43  0000              
  44  0000              RAMBANK 0 @HCCINIT, @HCCINIT0
  45  0000              
  46  0000              RAMBANK 0 @BITDATASEC, @BITDATASEC1
  47  0000              @HCCINIT	.section 'data'
  48  0000              @HCCINIT0	.section 'data'
  49  0000              @BITDATASEC	 .section 'data'
  50  0000              @BITDATASEC1	 .section 'data'
  51  0000              
  52  0000              #pragma debug scope 1 1
  53  0000              	extern __DELAY3:near
  54  0000              	extern __DELAYX3:near
  55  0000              	extern __DELAYX6:near
  56  0000              	extern __DELAYY5:near
  57  0000              	extern __DELAYY3:near
  58  0000              	extern _builtin_holtek_delay_2:byte
  59  0000              ___intc0 equ [14]
"File: EEPROM.ASM    Assembler  Version HGASM0202      Page 2

  60  0000              ___eea equ [30]
  61  0000              ___bp equ [4]
  62  0000              ___mp1 equ [3]
  63  0000              ___iar1 equ [2]
  64  0000              ___eed equ [31]
  65  0000              public _fun_Read_EEPROM
  66  0000              #pragma debug scope 2 1

  23  0000              #line 23 "C:\ChipsGarden\醇法\MK8002D\UARTtoI2Cwith8bitsMCU\EEPROM.c"
  23  0000              _fun_Read_EEPROM .section 'code'
  23  0000              _fun_Read_EEPROM proc
  23  0000  00              local _fun_Read_EEPROM_2 db 1 dup(?)	; 0,1
  23  0000  0080     R  	mov _fun_Read_EEPROM_2[0],a
  23  0001              #pragma debug variable 8 2 _fun_Read_EEPROM_2+0 "addr"
  26  0001              #line 26 "C:\ChipsGarden\醇法\MK8002D\UARTtoI2Cwith8bitsMCU\EEPROM.c"
  26  0001  070E        	mov a,[14]
  26  0002  0E01        	and a,1
  26  0003  0080     E  	mov rb,a
  27  0004              #line 27 "C:\ChipsGarden\醇法\MK8002D\UARTtoI2Cwith8bitsMCU\EEPROM.c"
  27  0004  340E        	clr [14].0
  28  0005              #line 28 "C:\ChipsGarden\醇法\MK8002D\UARTtoI2Cwith8bitsMCU\EEPROM.c"
  28  0005  0700     R  	mov a,_fun_Read_EEPROM_2[0]
  28  0006  009E        	mov [30],a
  29  0007              #line 29 "C:\ChipsGarden\醇法\MK8002D\UARTtoI2Cwith8bitsMCU\EEPROM.c"
  29  0007  0F01        	mov a,1
  29  0008  0084        	mov [4],a
  30  0009              #line 30 "C:\ChipsGarden\醇法\MK8002D\UARTtoI2Cwith8bitsMCU\EEPROM.c"
  30  0009  0F40        	mov a,64
  30  000A  0083        	mov [3],a
  34  000B              #line 34 "C:\ChipsGarden\醇法\MK8002D\UARTtoI2Cwith8bitsMCU\EEPROM.c"
  34  000B  3082        	set [2].1
  35  000C              #line 35 "C:\ChipsGarden\醇法\MK8002D\UARTtoI2Cwith8bitsMCU\EEPROM.c"
  35  000C  3002        	set [2].0
  35  000D              _L3:
  36  000D              #line 36 "C:\ChipsGarden\醇法\MK8002D\UARTtoI2Cwith8bitsMCU\EEPROM.c"
  36  000D  3C02        	sz [2].0
  36  000E  2800     R  	jmp _L3
  37  000F              #line 37 "C:\ChipsGarden\醇法\MK8002D\UARTtoI2Cwith8bitsMCU\EEPROM.c"
  37  000F  071F        	mov a,[31]
  37  0010  0080     E  	mov ra,a
  39  0011              #line 39 "C:\ChipsGarden\醇法\MK8002D\UARTtoI2Cwith8bitsMCU\EEPROM.c"
  39  0011  3482        	clr [2].1
  42  0012              #line 42 "C:\ChipsGarden\醇法\MK8002D\UARTtoI2Cwith8bitsMCU\EEPROM.c"
  42  0012  1F04        	clr [4]
  43  0013              #line 43 "C:\ChipsGarden\醇法\MK8002D\UARTtoI2Cwith8bitsMCU\EEPROM.c"
  43  0013  340E        	clr [14].0
  43  0014  0700     E  	mov a,rb
  43  0015  058E        	orm a,[14]
  45  0016              #line 45 "C:\ChipsGarden\醇法\MK8002D\UARTtoI2Cwith8bitsMCU\EEPROM.c"
  45  0016  0700     E  	mov a,ra
  45  0017  0003        	ret
  45  0018              _fun_Read_EEPROM endp
  45  0018              #line 45 "C:\ChipsGarden\醇法\MK8002D\UARTtoI2Cwith8bitsMCU\EEPROM.c"
  45  0018              #pragma debug scope 1 1
  45  0018              public _fun_Write_EEPROM
  45  0018              #pragma debug scope 3 1
  55  0018              #line 55 "C:\ChipsGarden\醇法\MK8002D\UARTtoI2Cwith8bitsMCU\EEPROM.c"
  55  0000              _fun_Write_EEPROM .section 'code'
  55  0000              _fun_Write_EEPROM proc
  55  0000              public _fun_Write_EEPROM_2
"File: EEPROM.c      Assembler  Version HGASM0202      Page 3

  55  0000  0002[           local _fun_Write_EEPROM_2 db 2 dup(?)	; 1,1
            00
            ]
  55  0000  0080     R  	mov _fun_Write_EEPROM_2[1],a
  55  0001              #pragma debug variable 8 3 _fun_Write_EEPROM_2+1 "addr"
  55  0001              #pragma debug variable 8 3 _fun_Write_EEPROM_2+0 "data"
  57  0001              #line 57 "C:\ChipsGarden\醇法\MK8002D\UARTtoI2Cwith8bitsMCU\EEPROM.c"
  57  0001  070E        	mov a,[14]
  57  0002  0E01        	and a,1
  57  0003  0080     E  	mov ra,a
  58  0004              #line 58 "C:\ChipsGarden\醇法\MK8002D\UARTtoI2Cwith8bitsMCU\EEPROM.c"
  58  0004  340E        	clr [14].0
  59  0005              #line 59 "C:\ChipsGarden\醇法\MK8002D\UARTtoI2Cwith8bitsMCU\EEPROM.c"
  59  0005  0700     R  	mov a,_fun_Write_EEPROM_2[1]
  59  0006  009E        	mov [30],a
  60  0007              #line 60 "C:\ChipsGarden\醇法\MK8002D\UARTtoI2Cwith8bitsMCU\EEPROM.c"
  60  0007  0700     R  	mov a,_fun_Write_EEPROM_2[0]
  60  0008  009F        	mov [31],a
  61  0009              #line 61 "C:\ChipsGarden\醇法\MK8002D\UARTtoI2Cwith8bitsMCU\EEPROM.c"
  61  0009  0F01        	mov a,1
  61  000A  0084        	mov [4],a
  62  000B              #line 62 "C:\ChipsGarden\醇法\MK8002D\UARTtoI2Cwith8bitsMCU\EEPROM.c"
  62  000B  0F40        	mov a,64
  62  000C  0083        	mov [3],a
  66  000D              #line 66 "C:\ChipsGarden\醇法\MK8002D\UARTtoI2Cwith8bitsMCU\EEPROM.c"
  66  000D  3182        	set [2].3
  67  000E              #line 67 "C:\ChipsGarden\醇法\MK8002D\UARTtoI2Cwith8bitsMCU\EEPROM.c"
  67  000E  3102        	set [2].2
  69  000F              #line 69 "C:\ChipsGarden\醇法\MK8002D\UARTtoI2Cwith8bitsMCU\EEPROM.c"
  69  000F              ;# 69 "C:\ChipsGarden\醇法\MK8002D\UARTtoI2Cwith8bitsMCU\EEPROM.c" 1
  69  000F  0000        	nop
  69  0010              _L7:
  70  0010              #line 70 "C:\ChipsGarden\醇法\MK8002D\UARTtoI2Cwith8bitsMCU\EEPROM.c"
  70  0010  3D02        	sz [2].2
  70  0011  2800     R  	jmp _L7
  72  0012              #line 72 "C:\ChipsGarden\醇法\MK8002D\UARTtoI2Cwith8bitsMCU\EEPROM.c"
  72  0012  3582        	clr [2].3
  75  0013              #line 75 "C:\ChipsGarden\醇法\MK8002D\UARTtoI2Cwith8bitsMCU\EEPROM.c"
  75  0013  1F04        	clr [4]
  76  0014              #line 76 "C:\ChipsGarden\醇法\MK8002D\UARTtoI2Cwith8bitsMCU\EEPROM.c"
  76  0014  340E        	clr [14].0
  76  0015  0700     E  	mov a,ra
  76  0016  058E        	orm a,[14]
  76  0017  0003        	ret
  76  0018              _fun_Write_EEPROM endp
  76  0018              #line 76 "C:\ChipsGarden\醇法\MK8002D\UARTtoI2Cwith8bitsMCU\EEPROM.c"
  76  0018              #pragma debug scope 1 1
  76  0018              public _TEST_EEPROM
  76  0018              #pragma debug scope 4 1
  87  0018              #line 87 "C:\ChipsGarden\醇法\MK8002D\UARTtoI2Cwith8bitsMCU\EEPROM.c"
  87  0000              _TEST_EEPROM .section 'code'
  87  0000              _TEST_EEPROM proc
  87  0000  0044[           local _TEST_EEPROM_2 db 68 dup(?)	; 0,68
            00
            ]
  87  0000  0080     R  	mov _TEST_EEPROM_2[65],a
  87  0001              #pragma debug variable 8 4 _TEST_EEPROM_2+65 "lu8v_eeprom_length"
  87  0001              #pragma debug array 42 8 64 4
  87  0001              #pragma debug array 42 8 64 4
  87  0001              #pragma debug variable 42 4 _TEST_EEPROM_2+0 "lu8a_datatemp"
"File: EEPROM.c      Assembler  Version HGASM0202      Page 4

  87  0001              #pragma debug variable 8 4 _TEST_EEPROM_2+64 "i"
  89  0001              #line 89 "C:\ChipsGarden\醇法\MK8002D\UARTtoI2Cwith8bitsMCU\EEPROM.c"
  89  0001  1F00     R  	clr _TEST_EEPROM_2[64]
  89  0002              _L9:
  89  0002              #line 89 "C:\ChipsGarden\醇法\MK8002D\UARTtoI2Cwith8bitsMCU\EEPROM.c"
  89  0002  0700     R  	mov a,_TEST_EEPROM_2[64]
  89  0003  0200     R  	sub a,_TEST_EEPROM_2[65]
  89  0004  3C0A        	sz c
  89  0005  2800     R  	jmp _L13
  91  0006              #line 91 "C:\ChipsGarden\醇法\MK8002D\UARTtoI2Cwith8bitsMCU\EEPROM.c"
  91  0006  0700     R  	mov a,_TEST_EEPROM_2[64]
  91  0007  0080     E  	mov ra,a
  91  0008  0700     R  	mov a,_TEST_EEPROM_2[64]
  91  0009  0080     R  	mov _fun_Write_EEPROM_2[0],a
  91  000A  0700     E  	mov a,ra
  91  000B  2000     R  	call _fun_Write_EEPROM
  89  000C              #line 89 "C:\ChipsGarden\醇法\MK8002D\UARTtoI2Cwith8bitsMCU\EEPROM.c"
  89  000C  1480     R  	inc _TEST_EEPROM_2[64]
  89  000D  2800     R  	jmp _L9
  89  000E              _L13:
  94  000E              #line 94 "C:\ChipsGarden\醇法\MK8002D\UARTtoI2Cwith8bitsMCU\EEPROM.c"
  94  000E  1F00     R  	clr _TEST_EEPROM_2[64]
  94  000F              _L11:
  94  000F  0700     R  	mov a,_TEST_EEPROM_2[64]
  94  0010  0200     R  	sub a,_TEST_EEPROM_2[65]
  94  0011  3C0A        	sz c
  94  0012  2800     R  	jmp _L14
  96  0013              #line 96 "C:\ChipsGarden\醇法\MK8002D\UARTtoI2Cwith8bitsMCU\EEPROM.c"
  96  0013  0700     R  	mov a,_TEST_EEPROM_2[64]
  96  0014  0080     R  	mov _TEST_EEPROM_2[66],a
  96  0015  1F00     R  	clr _TEST_EEPROM_2[67]
  96  0016  0700     R  	mov a,_TEST_EEPROM_2[64]
  96  0017  0080     E  	mov ra,a
  96  0018  0700     E  	mov a,ra
  96  0019  2000     R  	call _fun_Read_EEPROM
  96  001A  0080     E  	mov ra,a
  96  001B  0F00     R  	mov a,low(offset _TEST_EEPROM_2)
  96  001C  0300     R  	add a,_TEST_EEPROM_2[66]
  96  001D  0083        	mov mp,a
  96  001E  0F00     R  	mov a,high(offset _TEST_EEPROM_2)
  96  001F  1300     R  	adc a,_TEST_EEPROM_2[67]
  96  0020  0081        	mov sbp,a
  96  0021  0701        	mov a,sbp
  96  0022  0084        	mov bp,a
  96  0023  0700     E  	mov a,ra
  96  0024  0082        	mov ir,a
  94  0025              #line 94 "C:\ChipsGarden\醇法\MK8002D\UARTtoI2Cwith8bitsMCU\EEPROM.c"
  94  0025  1480     R  	inc _TEST_EEPROM_2[64]
  94  0026  2800     R  	jmp _L11
  94  0027              _L14:
  99  0027              #line 99 "C:\ChipsGarden\醇法\MK8002D\UARTtoI2Cwith8bitsMCU\EEPROM.c"
  99  0027              ;# 99 "C:\ChipsGarden\醇法\MK8002D\UARTtoI2Cwith8bitsMCU\EEPROM.c" 1
  99  0027  0000        	nop
  99  0028  0003        	ret
  99  0029              _TEST_EEPROM endp
  99  0029              #line 99 "C:\ChipsGarden\醇法\MK8002D\UARTtoI2Cwith8bitsMCU\EEPROM.c"
  99  0029              #pragma debug scope 1 1
  99  0029              #pragma debug variable 8 1 ___mp1 "__mp1" 1
  99  0029              #pragma debug struct_end
  99  0029              #pragma debug struct_end
"File: EEPROM.c      Assembler  Version HGASM0202      Page 5

  99  0029              #pragma debug union_end
  99  0029              #pragma debug union_end
  99  0029              #pragma debug variable 44 1 ___bp "__bp" 1
  99  0029              #pragma debug struct_end
  99  0029              #pragma debug struct_end
  99  0029              #pragma debug union_end
  99  0029              #pragma debug union_end
  99  0029              #pragma debug variable 46 1 ___intc0 "__intc0" 1
  99  0029              #pragma debug variable 8 1 ___eea "__eea" 1
  99  0029              #pragma debug variable 8 1 ___eed "__eed" 1
  99  0029              #pragma debug variable 8 1 ___iar1 "__iar1" 1
  99  0029              
  99  0029              ; 
  99  0029              ; Generated by holtek-gcc v3.19, Tue Jul 23 17:13:51 2019
  99  0029              ; Rebuild 115
  99  0029              ; end of file


        0 Errors, 0