"File: Interrupt.c   Assembler  Version HGASM0202      Page 1


   1  0000              ; Generated by holtek-gcc v3.19, Tue Jul 23 17:13:51 2019
   2  0000              ; 
   3  0000              ; Configuration:
   4  0000              ;       without long instruction
   5  0000              ;       Single ROM, Multi-RAM
   6  0000              ;       bits_per_rom_unit:16
   7  0000              ;       with mp1
   8  0000              ;       with tbhp, address(0x9)
   9  0000              ;          Use tabrd-const
  10  0000              ;       
  11  0000              ;       
  12  0000              ;       
  13  0000              ; use 'tabrdc' instead of 'tabrd'
  14  0000              ;       
  15  0000              
  16  0000              #pragma translator "holtek-gcc 4.6.4" "3.19" "build 20130711"
  17  0000              ; Rebuild 115
  18  0000              
  19  0000              ir equ [2]
  20  0000              mp equ [3]
  21  0000              sbp equ [1]
  22  0000              acc equ [5]
  23  0000              bp equ [4]
  24  0000              tblp equ [7]
  25  0000              tbhp equ [9]
  26  0000              status equ [10]
  27  0000              c equ [10].0
  28  0000              ac equ [10].1
  29  0000              z equ [10].2
  30  0000              ov equ [10].3
  31  0000              intc equ [11]
  32  0000              
  33  0000              extern ra:byte
  34  0000              extern rb:byte
  35  0000              extern rc:byte
  36  0000              extern rd:byte
  37  0000              extern re:byte
  38  0000              extern rf:byte
  39  0000              extern rg:byte
  40  0000              extern rh:byte
  41  0000              extern _Crom2Prom:near
  42  0000              extern _Crom2PromNext:near
  43  0000              
  44  0000              RAMBANK 0 @HCCINIT, @HCCINIT0
  45  0000              
  46  0000              RAMBANK 0 @BITDATASEC, @BITDATASEC1
  47  0000              @HCCINIT	.section 'data'
  48  0000              @HCCINIT0	.section 'data'
  49  0000              @BITDATASEC	 .section 'data'
  50  0000              @BITDATASEC1	 .section 'data'
  51  0000              
  52  0000              #pragma debug scope 1 1
  53  0000              	extern __DELAY3:near
  54  0000              	extern __DELAYX3:near
  55  0000              	extern __DELAYX6:near
  56  0000              	extern __DELAYY5:near
  57  0000              	extern __DELAYY3:near
  58  0000              	extern _builtin_holtek_delay_2:byte
  59  0000              public _INT0_ISR
"File: Interrupt.ASM  Assembler  Version HGASM0202      Page 2

  60  0000              #pragma debug scope 2 1

  27  0000              #line 27 "C:\ChipsGarden\醇法\MK8002D\UARTtoI2Cwith8bitsMCU\Interrupt.c"
  27  0000              @INT0_ISR_code .section at 4 'code'
  27  0000              _INT0_ISR:
  27  0000  0004        	reti
  27  0001              #line 27 "C:\ChipsGarden\醇法\MK8002D\UARTtoI2Cwith8bitsMCU\Interrupt.c"
  27  0001              #pragma debug scope 1 1
  27  0001              public _INT1_ISR
  27  0001              #pragma debug scope 3 1
  37  0001              #line 37 "C:\ChipsGarden\醇法\MK8002D\UARTtoI2Cwith8bitsMCU\Interrupt.c"
  37  0000              @INT1_ISR_code .section at 36 'code'
  37  0000              _INT1_ISR:
  37  0000  0004        	reti
  37  0001              #line 37 "C:\ChipsGarden\醇法\MK8002D\UARTtoI2Cwith8bitsMCU\Interrupt.c"
  37  0001              #pragma debug scope 1 1
  37  0001              public _MuFunction0_ISR
  37  0001              #pragma debug scope 4 1
  47  0001              #line 47 "C:\ChipsGarden\醇法\MK8002D\UARTtoI2Cwith8bitsMCU\Interrupt.c"
  47  0000              @MuFunction0_ISR_code .section at 12 'code'
  47  0000              _MuFunction0_ISR:
  47  0000  0004        	reti
  47  0001              #line 47 "C:\ChipsGarden\醇法\MK8002D\UARTtoI2Cwith8bitsMCU\Interrupt.c"
  47  0001              #pragma debug scope 1 1
  47  0001              public _MuFunction1_ISR
  47  0001              #pragma debug scope 5 1
  58  0001              #line 58 "C:\ChipsGarden\醇法\MK8002D\UARTtoI2Cwith8bitsMCU\Interrupt.c"
  58  0000              @MuFunction1_ISR_code .section at 16 'code'
  58  0000              _MuFunction1_ISR:
  58  0000  0004        	reti
  58  0001              #line 58 "C:\ChipsGarden\醇法\MK8002D\UARTtoI2Cwith8bitsMCU\Interrupt.c"
  58  0001              #pragma debug scope 1 1
  58  0001              public _MuFunction2_ISR
  58  0001              #pragma debug scope 6 1
  69  0001              #line 69 "C:\ChipsGarden\醇法\MK8002D\UARTtoI2Cwith8bitsMCU\Interrupt.c"
  69  0000              @MuFunction2_ISR_code .section at 20 'code'
  69  0000              _MuFunction2_ISR:
  69  0000  0004        	reti
  69  0001              #line 69 "C:\ChipsGarden\醇法\MK8002D\UARTtoI2Cwith8bitsMCU\Interrupt.c"
  69  0001              #pragma debug scope 1 1
  69  0001              public _ADC_ISR
  69  0001              #pragma debug scope 7 1
  80  0001              #line 80 "C:\ChipsGarden\醇法\MK8002D\UARTtoI2Cwith8bitsMCU\Interrupt.c"
  80  0000              @ADC_ISR_code .section at 24 'code'
  80  0000              _ADC_ISR:
  80  0000  0004        	reti
  80  0001              #line 80 "C:\ChipsGarden\醇法\MK8002D\UARTtoI2Cwith8bitsMCU\Interrupt.c"
  80  0001              #pragma debug scope 1 1
  80  0001              public _Timebase0_ISR
  80  0001              #pragma debug scope 8 1
  90  0001              #line 90 "C:\ChipsGarden\醇法\MK8002D\UARTtoI2Cwith8bitsMCU\Interrupt.c"
  90  0000              @Timebase0_ISR_code .section at 28 'code'
  90  0000              _Timebase0_ISR:
  90  0000  0004        	reti
  90  0001              #line 90 "C:\ChipsGarden\醇法\MK8002D\UARTtoI2Cwith8bitsMCU\Interrupt.c"
  90  0001              #pragma debug scope 1 1
  90  0001              public _Timebase1_ISR
  90  0001              #pragma debug scope 9 1
 100  0001              #line 100 "C:\ChipsGarden\醇法\MK8002D\UARTtoI2Cwith8bitsMCU\Interrupt.c"
 100  0000              @Timebase1_ISR_code .section at 32 'code'
"File: Interrupt.c   Assembler  Version HGASM0202      Page 3

 100  0000              _Timebase1_ISR:
 100  0000  0004        	reti
 100  0001              #line 100 "C:\ChipsGarden\醇法\MK8002D\UARTtoI2Cwith8bitsMCU\Interrupt.c"
 100  0001              #pragma debug scope 1 1
 100  0001              public _Comparator_ISR
 100  0001              #pragma debug scope 10 1
 111  0001              #line 111 "C:\ChipsGarden\醇法\MK8002D\UARTtoI2Cwith8bitsMCU\Interrupt.c"
 111  0000              @Comparator_ISR_code .section at 8 'code'
 111  0000              _Comparator_ISR:
 111  0000  0004        	reti
 111  0001              #line 111 "C:\ChipsGarden\醇法\MK8002D\UARTtoI2Cwith8bitsMCU\Interrupt.c"
 111  0001              #pragma debug scope 1 1
 111  0001              public _I2C_ISR
 111  0001              #pragma debug scope 11 1
 122  0001              #line 122 "C:\ChipsGarden\醇法\MK8002D\UARTtoI2Cwith8bitsMCU\Interrupt.c"
 122  0000              @I2C_ISR_code .section at 40 'code'
 122  0000              _I2C_ISR:
 122  0000  0004        	reti
 122  0001              #line 122 "C:\ChipsGarden\醇法\MK8002D\UARTtoI2Cwith8bitsMCU\Interrupt.c"
 122  0001              #pragma debug scope 1 1
  18  0001              #line 18 "C:\ChipsGarden\醇法\MK8002D\UARTtoI2Cwith8bitsMCU\Interrupt.c"
  18  0001              public _gu8v_100ms_count
  18  0000              @HCCINIT0 .section 'data'
  18  0000              _gu8v_100ms_count	db 0
  18  0001              #pragma debug variable 8 1 _gu8v_100ms_count "gu8v_100ms_count"
  18  0001              
  18  0000              @HCCINIT .section 'data'
  17  0000              #line 17 "C:\ChipsGarden\醇法\MK8002D\UARTtoI2Cwith8bitsMCU\Interrupt.c"
  17  0000              public _gu8v_4ms_count
  17  0001              @HCCINIT0 .section 'data'
  17  0001              _gu8v_4ms_count	db 0
  17  0002              #pragma debug variable 8 1 _gu8v_4ms_count "gu8v_4ms_count"
  17  0002              
  17  0000              @HCCINIT .section 'data'
  16  0000              #line 16 "C:\ChipsGarden\醇法\MK8002D\UARTtoI2Cwith8bitsMCU\Interrupt.c"
  16  0000              public _gu8v_500ms_count
  16  0002              @HCCINIT0 .section 'data'
  16  0002              _gu8v_500ms_count	db 0
  16  0003              #pragma debug variable 8 1 _gu8v_500ms_count "gu8v_500ms_count"
  16  0003              
  16  0000              @HCCINIT .section 'data'
  15  0000              #line 15 "C:\ChipsGarden\醇法\MK8002D\UARTtoI2Cwith8bitsMCU\Interrupt.c"
  15  0000              public _gu8v_400ms_count
  15  0003              @HCCINIT0 .section 'data'
  15  0003              _gu8v_400ms_count	db 0
  15  0004              #pragma debug variable 8 1 _gu8v_400ms_count "gu8v_400ms_count"
  15  0004              
  15  0000              @HCCINIT .section 'data'
  15  0000              
  15  0000              ; 
  15  0000              ; Generated by holtek-gcc v3.19, Tue Jul 23 17:13:51 2019
  15  0000              ; Rebuild 115
  15  0000              ; end of file


        0 Errors, 0