"File: Sys_Init.C    Assembler  Version HGASM0202      Page 1


   1  0000              ; Generated by holtek-gcc v3.19, Wed Jul 03 23:17:35 2019
   2  0000              ; 
   3  0000              ; Configuration:
   4  0000              ;       without long instruction
   5  0000              ;       Single ROM, Multi-RAM
   6  0000              ;       bits_per_rom_unit:16
   7  0000              ;       with mp1
   8  0000              ;       with tbhp, address(0x9)
   9  0000              ;          Use tabrd-const
  10  0000              ;       
  11  0000              ;       
  12  0000              ;       
  13  0000              ; use 'tabrdc' instead of 'tabrd'
  14  0000              ;       
  15  0000              
  16  0000              #pragma translator "holtek-gcc 4.6.4" "3.19" "build 20130711"
  17  0000              ; Rebuild 115
  18  0000              
  19  0000              ir equ [2]
  20  0000              mp equ [3]
  21  0000              sbp equ [1]
  22  0000              acc equ [5]
  23  0000              bp equ [4]
  24  0000              tblp equ [7]
  25  0000              tbhp equ [9]
  26  0000              status equ [10]
  27  0000              c equ [10].0
  28  0000              ac equ [10].1
  29  0000              z equ [10].2
  30  0000              ov equ [10].3
  31  0000              intc equ [11]
  32  0000              
  33  0000              extern ra:byte
  34  0000              extern rb:byte
  35  0000              extern rc:byte
  36  0000              extern rd:byte
  37  0000              extern re:byte
  38  0000              extern rf:byte
  39  0000              extern rg:byte
  40  0000              extern rh:byte
  41  0000              extern _Crom2Prom:near
  42  0000              extern _Crom2PromNext:near
  43  0000              
  44  0000              RAMBANK 0 @HCCINIT, @HCCINIT0
  45  0000              
  46  0000              RAMBANK 0 @BITDATASEC, @BITDATASEC1
  47  0000              @HCCINIT	.section 'data'
  48  0000              @HCCINIT0	.section 'data'
  49  0000              @BITDATASEC	 .section 'data'
  50  0000              @BITDATASEC1	 .section 'data'
  51  0000              
  52  0000              #pragma debug scope 1 1
  53  0000              	extern __DELAY3:near
  54  0000              	extern __DELAYX3:near
  55  0000              	extern __DELAYX6:near
  56  0000              	extern __DELAYY5:near
  57  0000              	extern __DELAYY3:near
  58  0000              	extern _builtin_holtek_delay_2:byte
  59  0000              ___tm2c0 equ [40]
"File: Sys_Init.ASM  Assembler  Version HGASM0202      Page 2

  60  0000              ___tm2c1 equ [41]
  61  0000              ___tm2al equ [44]
  62  0000              ___tm2ah equ [45]
  63  0000              ___tbc equ [27]
  64  0000              ___tm0c0 equ [47]
  65  0000              ___tm0c1 equ [48]
  66  0000              ___tm0al equ [51]
  67  0000              ___tm0ah equ [52]
  68  0000              ___tm0rp equ [53]
  69  0000              ___intc0 equ [14]
  70  0000              public _fun_ResetInit
  71  0000              #pragma debug scope 2 1

  24  0000              #line 24 "C:\ChipsGarden\醇法\MK8002D\UARTtoI2Cwith8bitsMCU\Sys_Init.C"
  24  0000              _fun_ResetInit .section 'code'
  24  0000              _fun_ResetInit proc
  27  0000              #line 27 "C:\ChipsGarden\醇法\MK8002D\UARTtoI2Cwith8bitsMCU\Sys_Init.C"
  27  0000  2000     E  	call _Uart_Init
  35  0001              #line 35 "C:\ChipsGarden\醇法\MK8002D\UARTtoI2Cwith8bitsMCU\Sys_Init.C"
  35  0001  0F40        	mov a,64
  35  0002  00A8        	mov [40],a
  35  0003  0FC1        	mov a,193
  35  0004  00A9        	mov [41],a
  35  0005  0F48        	mov a,72
  35  0006  00AC        	mov [44],a
  35  0007  0F01        	mov a,1
  35  0008  00AD        	mov [45],a
  36  0009              #line 36 "C:\ChipsGarden\醇法\MK8002D\UARTtoI2Cwith8bitsMCU\Sys_Init.C"
  36  0009  31A8        	set [40].3
  39  000A              #line 39 "C:\ChipsGarden\醇法\MK8002D\UARTtoI2Cwith8bitsMCU\Sys_Init.C"
  39  000A  0F07        	mov a,7
  39  000B  009B        	mov [27],a
  46  000C              #line 46 "C:\ChipsGarden\醇法\MK8002D\UARTtoI2Cwith8bitsMCU\Sys_Init.C"
  46  000C  1F2F        	clr [47]
  47  000D              #line 47 "C:\ChipsGarden\醇法\MK8002D\UARTtoI2Cwith8bitsMCU\Sys_Init.C"
  47  000D  0FA4        	mov a,164
  47  000E  00B0        	mov [48],a
  48  000F              #line 48 "C:\ChipsGarden\醇法\MK8002D\UARTtoI2Cwith8bitsMCU\Sys_Init.C"
  48  000F  1FB3        	set [51]
  49  0010              #line 49 "C:\ChipsGarden\醇法\MK8002D\UARTtoI2Cwith8bitsMCU\Sys_Init.C"
  49  0010  0F02        	mov a,2
  49  0011  00B4        	mov [52],a
  50  0012              #line 50 "C:\ChipsGarden\醇法\MK8002D\UARTtoI2Cwith8bitsMCU\Sys_Init.C"
  50  0012  0F04        	mov a,4
  50  0013  00B5        	mov [53],a
  53  0014              #line 53 "C:\ChipsGarden\醇法\MK8002D\UARTtoI2Cwith8bitsMCU\Sys_Init.C"
  53  0014              ;# 53 "C:\ChipsGarden\醇法\MK8002D\UARTtoI2Cwith8bitsMCU\Sys_Init.C" 1
  53  0014  0000        	nop
  62  0015              #line 62 "C:\ChipsGarden\醇法\MK8002D\UARTtoI2Cwith8bitsMCU\Sys_Init.C"
  62  0015  300E        	set [14].0
  62  0016  0003        	ret
  62  0017              _fun_ResetInit endp
  62  0017              #line 62 "C:\ChipsGarden\醇法\MK8002D\UARTtoI2Cwith8bitsMCU\Sys_Init.C"
  62  0017              #pragma debug scope 1 1
  62  0017              ___wdtc equ [26]
  62  0017              ___lvrc equ [29]
  62  0017              public _fun_PowerOnInit
  62  0017              #pragma debug scope 3 1
  72  0017              #line 72 "C:\ChipsGarden\醇法\MK8002D\UARTtoI2Cwith8bitsMCU\Sys_Init.C"
  72  0000              _fun_PowerOnInit .section 'code'
"File: Sys_Init.C    Assembler  Version HGASM0202      Page 3

  72  0000              _fun_PowerOnInit proc
  78  0000              #line 78 "C:\ChipsGarden\醇法\MK8002D\UARTtoI2Cwith8bitsMCU\Sys_Init.C"
  78  0000  0F57        	mov a,87
  78  0001  009A        	mov [26],a
  82  0002              #line 82 "C:\ChipsGarden\醇法\MK8002D\UARTtoI2Cwith8bitsMCU\Sys_Init.C"
  82  0002  0F99        	mov a,153
  82  0003  009D        	mov [29],a
  85  0004              #line 85 "C:\ChipsGarden\醇法\MK8002D\UARTtoI2Cwith8bitsMCU\Sys_Init.C"
  85  0004  2000     R  	call _fun_ResetInit
  85  0005  0003        	ret
  85  0006              _fun_PowerOnInit endp
  85  0006              #line 85 "C:\ChipsGarden\醇法\MK8002D\UARTtoI2Cwith8bitsMCU\Sys_Init.C"
  85  0006              #pragma debug scope 1 1
  85  0006              ___tm1c0 equ [54]
  85  0006              public _fun_PrepareToHalt
  85  0006              #pragma debug scope 4 1
  96  0006              #line 96 "C:\ChipsGarden\醇法\MK8002D\UARTtoI2Cwith8bitsMCU\Sys_Init.C"
  96  0000              _fun_PrepareToHalt .section 'code'
  96  0000              _fun_PrepareToHalt proc
 120  0000              #line 120 "C:\ChipsGarden\醇法\MK8002D\UARTtoI2Cwith8bitsMCU\Sys_Init.C"
 120  0000  2000     E  	call _Uart_off
 121  0001              #line 121 "C:\ChipsGarden\醇法\MK8002D\UARTtoI2Cwith8bitsMCU\Sys_Init.C"
 121  0001  35B6        	clr [54].3
 125  0002              #line 125 "C:\ChipsGarden\醇法\MK8002D\UARTtoI2Cwith8bitsMCU\Sys_Init.C"
 125  0002              ;# 125 "C:\ChipsGarden\醇法\MK8002D\UARTtoI2Cwith8bitsMCU\Sys_Init.C" 1
 125  0002  0002        	halt
 125  0003  0003        	ret
 125  0004              _fun_PrepareToHalt endp
 125  0004              #line 125 "C:\ChipsGarden\醇法\MK8002D\UARTtoI2Cwith8bitsMCU\Sys_Init.C"
 125  0004              #pragma debug scope 1 1
 125  0004              public _fun_GPIO
 125  0004              #pragma debug scope 5 1
 168  0004              #line 168 "C:\ChipsGarden\醇法\MK8002D\UARTtoI2Cwith8bitsMCU\Sys_Init.C"
 168  0000              _fun_GPIO .section 'code'
 168  0000              _fun_GPIO proc
 168  0000  0003        	ret
 168  0001              _fun_GPIO endp
 168  0001              #line 168 "C:\ChipsGarden\醇法\MK8002D\UARTtoI2Cwith8bitsMCU\Sys_Init.C"
 168  0001              #pragma debug scope 1 1
 168  0001              ___bp equ [4]
 168  0001              ___mp1 equ [3]
 168  0001              ___tblp equ [7]
 168  0001              ___iar1 equ [2]
 168  0001              public _fun_RamInit
 168  0001              #pragma debug scope 6 1
 205  0001              #line 205 "C:\ChipsGarden\醇法\MK8002D\UARTtoI2Cwith8bitsMCU\Sys_Init.C"
 205  0000              _fun_RamInit .section 'code'
 205  0000              _fun_RamInit proc
 206  0000              #line 206 "C:\ChipsGarden\醇法\MK8002D\UARTtoI2Cwith8bitsMCU\Sys_Init.C"
 206  0000  1F04        	clr [4]
 207  0001              #line 207 "C:\ChipsGarden\醇法\MK8002D\UARTtoI2Cwith8bitsMCU\Sys_Init.C"
 207  0001  0FA0        	mov a,160
 207  0002  0083        	mov [3],a
 207  0003              _L6:
 209  0003              #line 209 "C:\ChipsGarden\醇法\MK8002D\UARTtoI2Cwith8bitsMCU\Sys_Init.C"
 209  0003  0F01        	mov a,1
 209  0004  0203        	sub a,[3]
 209  0005  380A        	snz c
 209  0006  2800     R  	jmp _L11
 211  0007              #line 211 "C:\ChipsGarden\醇法\MK8002D\UARTtoI2Cwith8bitsMCU\Sys_Init.C"
"File: Sys_Init.C    Assembler  Version HGASM0202      Page 4

 211  0007  1F07        	clr [7]
 211  0008              _L7:
 211  0008  3F87        	sz [7].7
 211  0009  2800     R  	jmp _L12
 213  000A              #line 213 "C:\ChipsGarden\醇法\MK8002D\UARTtoI2Cwith8bitsMCU\Sys_Init.C"
 213  000A  1F02        	clr [2]
 214  000B              #line 214 "C:\ChipsGarden\醇法\MK8002D\UARTtoI2Cwith8bitsMCU\Sys_Init.C"
 214  000B  1483        	inc [3]
 211  000C              #line 211 "C:\ChipsGarden\醇法\MK8002D\UARTtoI2Cwith8bitsMCU\Sys_Init.C"
 211  000C  1487        	inc [7]
 211  000D  2800     R  	jmp _L7
 211  000E              _L12:
 216  000E              #line 216 "C:\ChipsGarden\醇法\MK8002D\UARTtoI2Cwith8bitsMCU\Sys_Init.C"
 216  000E  0FA0        	mov a,160
 216  000F  0083        	mov [3],a
 217  0010              #line 217 "C:\ChipsGarden\醇法\MK8002D\UARTtoI2Cwith8bitsMCU\Sys_Init.C"
 217  0010  0F01        	mov a,1
 217  0011  0084        	mov [4],a
 217  0012  2800     R  	jmp _L6
 217  0013              _L11:
 219  0013              #line 219 "C:\ChipsGarden\醇法\MK8002D\UARTtoI2Cwith8bitsMCU\Sys_Init.C"
 219  0013  1F04        	clr [4]
 219  0014  0003        	ret
 219  0015              _fun_RamInit endp
 219  0015              #line 219 "C:\ChipsGarden\醇法\MK8002D\UARTtoI2Cwith8bitsMCU\Sys_Init.C"
 219  0015              #pragma debug scope 1 1
 219  0015              #pragma debug variable 8 1 ___mp1 "__mp1" 1
 219  0015              #pragma debug struct_end
 219  0015              #pragma debug struct_end
 219  0015              #pragma debug union_end
 219  0015              #pragma debug union_end
 219  0015              #pragma debug variable 43 1 ___bp "__bp" 1
 219  0015              #pragma debug variable 8 1 ___tblp "__tblp" 1
 219  0015              #pragma debug struct_end
 219  0015              #pragma debug struct_end
 219  0015              #pragma debug union_end
 219  0015              #pragma debug union_end
 219  0015              #pragma debug variable 45 1 ___intc0 "__intc0" 1
 219  0015              #pragma debug struct_end
 219  0015              #pragma debug struct_end
 219  0015              #pragma debug union_end
 219  0015              #pragma debug union_end
 219  0015              #pragma debug variable 47 1 ___wdtc "__wdtc" 1
 219  0015              #pragma debug struct_end
 219  0015              #pragma debug struct_end
 219  0015              #pragma debug union_end
 219  0015              #pragma debug union_end
 219  0015              #pragma debug variable 49 1 ___tbc "__tbc" 1
 219  0015              #pragma debug struct_end
 219  0015              #pragma debug struct_end
 219  0015              #pragma debug union_end
 219  0015              #pragma debug union_end
 219  0015              #pragma debug variable 51 1 ___lvrc "__lvrc" 1
 219  0015              #pragma debug struct_end
 219  0015              #pragma debug struct_end
 219  0015              #pragma debug union_end
 219  0015              #pragma debug union_end
 219  0015              #pragma debug variable 53 1 ___tm2c0 "__tm2c0" 1
 219  0015              #pragma debug struct_end
 219  0015              #pragma debug struct_end
"File: Sys_Init.C    Assembler  Version HGASM0202      Page 5

 219  0015              #pragma debug union_end
 219  0015              #pragma debug union_end
 219  0015              #pragma debug variable 55 1 ___tm2c1 "__tm2c1" 1
 219  0015              #pragma debug variable 8 1 ___tm2al "__tm2al" 1
 219  0015              #pragma debug variable 8 1 ___tm2ah "__tm2ah" 1
 219  0015              #pragma debug struct_end
 219  0015              #pragma debug struct_end
 219  0015              #pragma debug union_end
 219  0015              #pragma debug union_end
 219  0015              #pragma debug variable 57 1 ___tm0c0 "__tm0c0" 1
 219  0015              #pragma debug struct_end
 219  0015              #pragma debug struct_end
 219  0015              #pragma debug union_end
 219  0015              #pragma debug union_end
 219  0015              #pragma debug variable 59 1 ___tm0c1 "__tm0c1" 1
 219  0015              #pragma debug variable 8 1 ___tm0al "__tm0al" 1
 219  0015              #pragma debug variable 8 1 ___tm0ah "__tm0ah" 1
 219  0015              #pragma debug struct_end
 219  0015              #pragma debug struct_end
 219  0015              #pragma debug union_end
 219  0015              #pragma debug union_end
 219  0015              #pragma debug variable 61 1 ___tm0rp "__tm0rp" 1
 219  0015              #pragma debug struct_end
 219  0015              #pragma debug struct_end
 219  0015              #pragma debug union_end
 219  0015              #pragma debug union_end
 219  0015              #pragma debug variable 63 1 ___tm1c0 "__tm1c0" 1
 219  0015              #pragma debug variable 8 1 ___iar1 "__iar1" 1
 219  0015              extern _Uart_Init:near
 219  0015              extern _Uart_off:near
 219  0015              
 219  0015              ; 
 219  0015              ; Generated by holtek-gcc v3.19, Wed Jul 03 23:17:35 2019
 219  0015              ; Rebuild 115
 219  0015              ; end of file


        0 Errors, 0