"File: UARTtoI2C.c   Assembler  Version HGASM0202      Page 1


   1  0000              ; Generated by holtek-gcc v3.19, Wed Jul 03 23:17:34 2019
   2  0000              ; 
   3  0000              ; Configuration:
   4  0000              ;       without long instruction
   5  0000              ;       Single ROM, Multi-RAM
   6  0000              ;       bits_per_rom_unit:16
   7  0000              ;       with mp1
   8  0000              ;       with tbhp, address(0x9)
   9  0000              ;          Use tabrd-const
  10  0000              ;       
  11  0000              ;       
  12  0000              ;       
  13  0000              ; use 'tabrdc' instead of 'tabrd'
  14  0000              ;       
  15  0000              
  16  0000              #pragma translator "holtek-gcc 4.6.4" "3.19" "build 20130711"
  17  0000              ; Rebuild 115
  18  0000              
  19  0000              ir equ [2]
  20  0000              mp equ [3]
  21  0000              sbp equ [1]
  22  0000              acc equ [5]
  23  0000              bp equ [4]
  24  0000              tblp equ [7]
  25  0000              tbhp equ [9]
  26  0000              status equ [10]
  27  0000              c equ [10].0
  28  0000              ac equ [10].1
  29  0000              z equ [10].2
  30  0000              ov equ [10].3
  31  0000              intc equ [11]
  32  0000              
  33  0000              extern ra:byte
  34  0000              extern rb:byte
  35  0000              extern rc:byte
  36  0000              extern rd:byte
  37  0000              extern re:byte
  38  0000              extern rf:byte
  39  0000              extern rg:byte
  40  0000              extern rh:byte
  41  0000              extern _Crom2Prom:near
  42  0000              extern _Crom2PromNext:near
  43  0000              
  44  0000              RAMBANK 0 @HCCINIT, @HCCINIT0
  45  0000              
  46  0000              RAMBANK 0 @BITDATASEC, @BITDATASEC1
  47  0000              @HCCINIT	.section 'data'
  48  0000              @HCCINIT0	.section 'data'
  49  0000              @BITDATASEC	 .section 'data'
  50  0000              @BITDATASEC1	 .section 'data'
  51  0000              
  52  0000              #pragma debug scope 1 1
  53  0000              	extern __DELAY3:near
  54  0000              	extern __DELAYX3:near
  55  0000              	extern __DELAYX6:near
  56  0000              	extern __DELAYY5:near
  57  0000              	extern __DELAYY3:near
  58  0000              	extern _builtin_holtek_delay_2:byte
  59  0000              ___status equ [10]
"File: UARTtoI2C.ASM  Assembler  Version HGASM0202      Page 2

  60  0000              public _main
  61  0000              #pragma debug scope 2 1

  18  0000              #line 18 "C:\ChipsGarden\醇法\MK8002D\UARTtoI2Cwith8bitsMCU\UARTtoI2C.c"
  18  0000              IFDEF WITH_DEFAULT_STARTUP
  18  0000              extern _main_initial0:near
  18  0000              extern _main_startup:near
  18  0000              ENDIF
  18  0000              
  18  0000              ROMBANK 0 @start
  18  0000              @start .section com_l 'code'
  18  0000              _main_startup1:
  18  0000              @start .section com_e 'code'
  18  0000  2800     R  	jmp _main
  18  0001              
  18  0000              _main .section 'code'
  18  0000              _main proc
  22  0000              #line 22 "C:\ChipsGarden\醇法\MK8002D\UARTtoI2Cwith8bitsMCU\UARTtoI2C.c"
  22  0000  3A8A        	snz [10].5
  22  0001  2800     R  	jmp _L2
  22  0002              #line 22 "C:\ChipsGarden\醇法\MK8002D\UARTtoI2Cwith8bitsMCU\UARTtoI2C.c"
  22  0002  3E0A        	sz [10].4
  22  0003  2800     R  	jmp _L3
  22  0004              _L2:
  26  0004              #line 26 "C:\ChipsGarden\醇法\MK8002D\UARTtoI2Cwith8bitsMCU\UARTtoI2C.c"
  26  0004  2000     E  	call _fun_RamInit
  27  0005              #line 27 "C:\ChipsGarden\醇法\MK8002D\UARTtoI2Cwith8bitsMCU\UARTtoI2C.c"
  27  0005  2000     E  	call _fun_PowerOnInit
  27  0006  2800     R  	jmp _L10
  27  0007              _L3:
  32  0007              #line 32 "C:\ChipsGarden\醇法\MK8002D\UARTtoI2Cwith8bitsMCU\UARTtoI2C.c"
  32  0007  2000     E  	call _fun_ResetInit
  32  0008              _L10:
  39  0008              #line 39 "C:\ChipsGarden\醇法\MK8002D\UARTtoI2Cwith8bitsMCU\UARTtoI2C.c"
  39  0008              ;# 39 "C:\ChipsGarden\醇法\MK8002D\UARTtoI2Cwith8bitsMCU\UARTtoI2C.c" 1
  39  0008  0001        	clr wdt
  39  0009  2800     R  	jmp _L10
  39  000A  2800     R  	jmp $
  39  000B              _main endp
  39  000B              
  39  000B              @dummy endp
  39  000B              
  39  000B              #line 39 "C:\ChipsGarden\醇法\MK8002D\UARTtoI2Cwith8bitsMCU\UARTtoI2C.c"
  39  000B              #pragma debug scope 1 1
  39  000B              #pragma debug struct_end
  39  000B              #pragma debug struct_end
  39  000B              #pragma debug union_end
  39  000B              #pragma debug union_end
  39  000B              #pragma debug variable 43 1 ___status "__status" 1
  18  000B              #line 18 "C:\ChipsGarden\醇法\MK8002D\UARTtoI2Cwith8bitsMCU\UARTtoI2C.c"
  18  0000              @code .section at 0 'code'
  18  0000  2800     R  	jmp _main_startup1
  18  0001              
  18  0001              extern _fun_RamInit:near
  18  0001              extern _fun_PowerOnInit:near
  18  0001              extern _fun_ResetInit:near
  18  0001              
  18  0001              ; 
  18  0001              ; Generated by holtek-gcc v3.19, Wed Jul 03 23:17:34 2019
  18  0001              ; Rebuild 115
"File: UARTtoI2C.c   Assembler  Version HGASM0202      Page 3

  18  0001              ; end of file


        0 Errors, 0