"File: Interrupt.c   Assembler  Version HGASM0202      Page 1


   1  0000              ; Generated by holtek-gcc v3.19, Sat Nov 21 20:23:41 2020
   2  0000              ; 
   3  0000              ; Configuration:
   4  0000              ;       without long instruction
   5  0000              ;       Single ROM, Multi-RAM
   6  0000              ;       bits_per_rom_unit:16
   7  0000              ;       with mp1
   8  0000              ;       with tbhp, address(0x9)
   9  0000              ;          Use tabrd-const
  10  0000              ;       
  11  0000              ;       
  12  0000              ;       
  13  0000              ; use 'tabrdc' instead of 'tabrd'
  14  0000              ;       
  15  0000              
  16  0000              #pragma translator "holtek-gcc 4.6.4" "3.19" "build 20130711"
  17  0000              ; Rebuild 718
  18  0000              
  19  0000              ir equ [2]
  20  0000              mp equ [3]
  21  0000              sbp equ [1]
  22  0000              acc equ [5]
  23  0000              bp equ [4]
  24  0000              tblp equ [7]
  25  0000              tbhp equ [9]
  26  0000              status equ [10]
  27  0000              c equ [10].0
  28  0000              ac equ [10].1
  29  0000              z equ [10].2
  30  0000              ov equ [10].3
  31  0000              intc equ [11]
  32  0000              
  33  0000              extern ra:byte
  34  0000              extern rb:byte
  35  0000              extern rc:byte
  36  0000              extern rd:byte
  37  0000              extern re:byte
  38  0000              extern rf:byte
  39  0000              extern rg:byte
  40  0000              extern rh:byte
  41  0000              extern _Crom2Prom:near
  42  0000              extern _Crom2PromNext:near
  43  0000              
  44  0000              RAMBANK 0 @HCCINIT, @HCCINIT0
  45  0000              
  46  0000              RAMBANK 0 @BITDATASEC, @BITDATASEC1
  47  0000              @HCCINIT	.section 'data'
  48  0000              @HCCINIT0	.section 'data'
  49  0000              @BITDATASEC	 .section 'data'
  50  0000              @BITDATASEC1	 .section 'data'
  51  0000              
  52  0000              #pragma debug scope 1 1
  53  0000              	extern __DELAY3:near
  54  0000              	extern __DELAYX3:near
  55  0000              	extern __DELAYX6:near
  56  0000              	extern __DELAYY5:near
  57  0000              	extern __DELAYY3:near
  58  0000              	extern _builtin_holtek_delay_2:byte
  59  0000              public _INT0_ISR
"File: Interrupt.ASM  Assembler  Version HGASM0202      Page 2

  60  0000              #pragma debug scope 2 1

  25  0000              #line 25 "C:\ChipsGarden\醇法\MK8000\MK8000-Power PCB\UART2EEPROMwith8bitsMCU\UART2EEPROMwith8bitsMCU\Interrupt.c"
  25  0000              @INT0_ISR_code .section at 4 'code'
  25  0000              _INT0_ISR:
  25  0000  0004        	reti
  25  0001              #line 25 "C:\ChipsGarden\醇法\MK8000\MK8000-Power PCB\UART2EEPROMwith8bitsMCU\UART2EEPROMwith8bitsMCU\Interrupt.c"
  25  0001              #pragma debug scope 1 1
  25  0001              public _INT1_ISR
  25  0001              #pragma debug scope 3 1
  35  0001              #line 35 "C:\ChipsGarden\醇法\MK8000\MK8000-Power PCB\UART2EEPROMwith8bitsMCU\UART2EEPROMwith8bitsMCU\Interrupt.c"
  35  0000              @INT1_ISR_code .section at 36 'code'
  35  0000              _INT1_ISR:
  35  0000  0004        	reti
  35  0001              #line 35 "C:\ChipsGarden\醇法\MK8000\MK8000-Power PCB\UART2EEPROMwith8bitsMCU\UART2EEPROMwith8bitsMCU\Interrupt.c"
  35  0001              #pragma debug scope 1 1
  35  0001              public _MuFunction0_ISR
  35  0001              #pragma debug scope 4 1
  45  0001              #line 45 "C:\ChipsGarden\醇法\MK8000\MK8000-Power PCB\UART2EEPROMwith8bitsMCU\UART2EEPROMwith8bitsMCU\Interrupt.c"
  45  0000              @MuFunction0_ISR_code .section at 12 'code'
  45  0000              _MuFunction0_ISR:
  45  0000  0004        	reti
  45  0001              #line 45 "C:\ChipsGarden\醇法\MK8000\MK8000-Power PCB\UART2EEPROMwith8bitsMCU\UART2EEPROMwith8bitsMCU\Interrupt.c"
  45  0001              #pragma debug scope 1 1
  45  0001              public _MuFunction1_ISR
  45  0001              #pragma debug scope 5 1
  56  0001              #line 56 "C:\ChipsGarden\醇法\MK8000\MK8000-Power PCB\UART2EEPROMwith8bitsMCU\UART2EEPROMwith8bitsMCU\Interrupt.c"
  56  0000              @MuFunction1_ISR_code .section at 16 'code'
  56  0000              _MuFunction1_ISR:
  56  0000  0004        	reti
  56  0001              #line 56 "C:\ChipsGarden\醇法\MK8000\MK8000-Power PCB\UART2EEPROMwith8bitsMCU\UART2EEPROMwith8bitsMCU\Interrupt.c"
  56  0001              #pragma debug scope 1 1
  56  0001              public _MuFunction2_ISR
  56  0001              #pragma debug scope 6 1
  67  0001              #line 67 "C:\ChipsGarden\醇法\MK8000\MK8000-Power PCB\UART2EEPROMwith8bitsMCU\UART2EEPROMwith8bitsMCU\Interrupt.c"
  67  0000              @MuFunction2_ISR_code .section at 20 'code'
  67  0000              _MuFunction2_ISR:
  67  0000  0004        	reti
  67  0001              #line 67 "C:\ChipsGarden\醇法\MK8000\MK8000-Power PCB\UART2EEPROMwith8bitsMCU\UART2EEPROMwith8bitsMCU\Interrupt.c"
  67  0001              #pragma debug scope 1 1
  67  0001              public _ADC_ISR
  67  0001              #pragma debug scope 7 1
  78  0001              #line 78 "C:\ChipsGarden\醇法\MK8000\MK8000-Power PCB\UART2EEPROMwith8bitsMCU\UART2EEPROMwith8bitsMCU\Interrupt.c"
  78  0000              @ADC_ISR_code .section at 24 'code'
  78  0000              _ADC_ISR:
  78  0000  0004        	reti
  78  0001              #line 78 "C:\ChipsGarden\醇法\MK8000\MK8000-Power PCB\UART2EEPROMwith8bitsMCU\UART2EEPROMwith8bitsMCU\Interrupt.c"
  78  0001              #pragma debug scope 1 1
  78  0001              public _Timebase0_ISR
  78  0001              #pragma debug scope 8 1
  88  0001              #line 88 "C:\ChipsGarden\醇法\MK8000\MK8000-Power PCB\UART2EEPROMwith8bitsMCU\UART2EEPROMwith8bitsMCU\Interrupt.c"
  88  0000              @Timebase0_ISR_code .section at 28 'code'
  88  0000  0080     E  	mov r1,a
  88  0001  070A        	mov a,status
  88  0002  0080     E  	mov r2,a
  88  0003  2800     R  	jmp _Timebase0_ISR
  88  0004              #pragma debug scope 1 1
  88  0004              @dummy28 endp
  88  0004              #pragma debug scope 9 1
  88  0000              _Timebase0_ISR .section 'code'
"File: Interrupt.c   Assembler  Version HGASM0202      Page 3

  88  0000              _Timebase0_ISR proc
  89  0000              #line 89 "C:\ChipsGarden\醇法\MK8000\MK8000-Power PCB\UART2EEPROMwith8bitsMCU\UART2EEPROMwith8bitsMCU\Interrupt.c"
  89  0000  3000     R  	set _interrupt_flag[0].0
  89  0001  0700     E  	mov a,r2
  89  0002  008A        	mov status,a
  89  0003  0700     E  	mov a,r1
  89  0004  0004        	reti
  89  0005              _Timebase0_ISR endp
  89  0005              
  89  0005              #line 89 "C:\ChipsGarden\醇法\MK8000\MK8000-Power PCB\UART2EEPROMwith8bitsMCU\UART2EEPROMwith8bitsMCU\Interrupt.c"
  89  0005              #pragma debug scope 1 1
  89  0005              public _Timebase1_ISR
  89  0005              #pragma debug scope 10 1
  99  0005              #line 99 "C:\ChipsGarden\醇法\MK8000\MK8000-Power PCB\UART2EEPROMwith8bitsMCU\UART2EEPROMwith8bitsMCU\Interrupt.c"
  99  0000              @Timebase1_ISR_code .section at 32 'code'
  99  0000  0080     E  	mov r1,a
  99  0001  070A        	mov a,status
  99  0002  0080     E  	mov r2,a
  99  0003  2800     R  	jmp _Timebase1_ISR
  99  0004              #pragma debug scope 1 1
  99  0004              @dummy32 endp
  99  0004              #pragma debug scope 11 1
  99  0000              _Timebase1_ISR .section 'code'
  99  0000              _Timebase1_ISR proc
 100  0000              #line 100 "C:\ChipsGarden\醇法\MK8000\MK8000-Power PCB\UART2EEPROMwith8bitsMCU\UART2EEPROMwith8bitsMCU\Interrupt.c"
 100  0000  3000     R  	set _interrupt_flag[0].1
 100  0001  0700     E  	mov a,r2
 100  0002  008A        	mov status,a
 100  0003  0700     E  	mov a,r1
 100  0004  0004        	reti
 100  0005              _Timebase1_ISR endp
 100  0005              
 100  0005              #line 100 "C:\ChipsGarden\醇法\MK8000\MK8000-Power PCB\UART2EEPROMwith8bitsMCU\UART2EEPROMwith8bitsMCU\Interrupt.c"
 100  0005              #pragma debug scope 1 1
 100  0005              public _Comparator_ISR
 100  0005              #pragma debug scope 12 1
 111  0005              #line 111 "C:\ChipsGarden\醇法\MK8000\MK8000-Power PCB\UART2EEPROMwith8bitsMCU\UART2EEPROMwith8bitsMCU\Interrupt.c"
 111  0000              @Comparator_ISR_code .section at 8 'code'
 111  0000              _Comparator_ISR:
 111  0000  0004        	reti
 111  0001              #line 111 "C:\ChipsGarden\醇法\MK8000\MK8000-Power PCB\UART2EEPROMwith8bitsMCU\UART2EEPROMwith8bitsMCU\Interrupt.c"
 111  0001              #pragma debug scope 1 1
 111  0001              public _I2C_ISR
 111  0001              #pragma debug scope 13 1
 122  0001              #line 122 "C:\ChipsGarden\醇法\MK8000\MK8000-Power PCB\UART2EEPROMwith8bitsMCU\UART2EEPROMwith8bitsMCU\Interrupt.c"
 122  0000              @I2C_ISR_code .section at 40 'code'
 122  0000              _I2C_ISR:
 122  0000  0004        	reti
 122  0001              #line 122 "C:\ChipsGarden\醇法\MK8000\MK8000-Power PCB\UART2EEPROMwith8bitsMCU\UART2EEPROMwith8bitsMCU\Interrupt.c"
 122  0001              #pragma debug scope 1 1
  16  0001              #line 16 "C:\ChipsGarden\醇法\MK8000\MK8000-Power PCB\UART2EEPROMwith8bitsMCU\UART2EEPROMwith8bitsMCU\Interrupt.c"
  16  0001              public _interrupt_flag
  16  0000              @HCCINIT0 .section 'data'
  16  0000              _interrupt_flag	db 0
  16  0001              #pragma debug struct_end
  16  0001              #pragma debug struct_end
  16  0001              #pragma debug union_end
  16  0001              #pragma debug union_end
  16  0001              #pragma debug variable 43 1 _interrupt_flag "interrupt_flag"
  16  0001              
"File: Interrupt.c   Assembler  Version HGASM0202      Page 4

  16  0000              @HCCINIT .section 'data'
  16  0000              extern r1:byte
  16  0000              extern r2:byte
  16  0000              
  16  0000              ; 
  16  0000              ; Generated by holtek-gcc v3.19, Sat Nov 21 20:23:41 2020
  16  0000              ; Rebuild 718
  16  0000              ; end of file


        0 Errors, 0