"File: Uart.c        Assembler  Version HGASM0202      Page 1


   1  0000              ; Generated by holtek-gcc v3.19, Sat Jul 18 17:12:36 2020
   2  0000              ; 
   3  0000              ; Configuration:
   4  0000              ;       without long instruction
   5  0000              ;       Single ROM, Multi-RAM
   6  0000              ;       bits_per_rom_unit:16
   7  0000              ;       with mp1
   8  0000              ;       with tbhp, address(0x9)
   9  0000              ;          Use tabrd-const
  10  0000              ;       
  11  0000              ;       
  12  0000              ;       
  13  0000              ; use 'tabrdc' instead of 'tabrd'
  14  0000              ;       
  15  0000              
  16  0000              #pragma translator "holtek-gcc 4.6.4" "3.19" "build 20130711"
  17  0000              ; Rebuild 115
  18  0000              
  19  0000              ir equ [2]
  20  0000              mp equ [3]
  21  0000              sbp equ [1]
  22  0000              acc equ [5]
  23  0000              bp equ [4]
  24  0000              tblp equ [7]
  25  0000              tbhp equ [9]
  26  0000              status equ [10]
  27  0000              c equ [10].0
  28  0000              ac equ [10].1
  29  0000              z equ [10].2
  30  0000              ov equ [10].3
  31  0000              intc equ [11]
  32  0000              
  33  0000              extern ra:byte
  34  0000              extern rb:byte
  35  0000              extern rc:byte
  36  0000              extern rd:byte
  37  0000              extern re:byte
  38  0000              extern rf:byte
  39  0000              extern rg:byte
  40  0000              extern rh:byte
  41  0000              extern _Crom2Prom:near
  42  0000              extern _Crom2PromNext:near
  43  0000              
  44  0000              RAMBANK 0 @HCCINIT, @HCCINIT0
  45  0000              
  46  0000              RAMBANK 0 @BITDATASEC, @BITDATASEC1
  47  0000              @HCCINIT	.section 'data'
  48  0000              @HCCINIT0	.section 'data'
  49  0000              @BITDATASEC	 .section 'data'
  50  0000              @BITDATASEC1	 .section 'data'
  51  0000              
  52  0000              #pragma debug scope 1 1
  53  0000              	extern __DELAY3:near
  54  0000              	extern __DELAYX3:near
  55  0000              	extern __DELAYX6:near
  56  0000              	extern __DELAYY5:near
  57  0000              	extern __DELAYY3:near
  58  0000              	extern _builtin_holtek_delay_2:byte
  59  0000              ___pcc equ [65]
"File: Uart.ASM      Assembler  Version HGASM0202      Page 2

  60  0000              ___pc equ [64]
  61  0000              ___pcpu equ [66]
  62  0000              ___ucr1 equ [69]
  63  0000              ___ucr2 equ [70]
  64  0000              ___brg equ [71]
  65  0000              ___intc2 equ [16]
  66  0000              public _Uart_Init
  67  0000              #pragma debug scope 2 1

  52  0000              #line 52 "C:\ChipsGarden\醇法\MK8002D\UART2EEPROMwith8bitsMCU\UART2EEPROMwith8bitsMCU\Uart.c"
  52  0000              _Uart_Init .section 'code'
  52  0000              _Uart_Init proc
  53  0000              #line 53 "C:\ChipsGarden\醇法\MK8002D\UART2EEPROMwith8bitsMCU\UART2EEPROMwith8bitsMCU\Uart.c"
  53  0000  3541        	clr [65].2
  54  0001              #line 54 "C:\ChipsGarden\醇法\MK8002D\UART2EEPROMwith8bitsMCU\UART2EEPROMwith8bitsMCU\Uart.c"
  54  0001  3540        	clr [64].2
  56  0002              #line 56 "C:\ChipsGarden\醇法\MK8002D\UART2EEPROMwith8bitsMCU\UART2EEPROMwith8bitsMCU\Uart.c"
  56  0002  35C1        	clr [65].3
  57  0003              #line 57 "C:\ChipsGarden\醇法\MK8002D\UART2EEPROMwith8bitsMCU\UART2EEPROMwith8bitsMCU\Uart.c"
  57  0003  3241        	set [65].4
  58  0004              #line 58 "C:\ChipsGarden\醇法\MK8002D\UART2EEPROMwith8bitsMCU\UART2EEPROMwith8bitsMCU\Uart.c"
  58  0004  31C0        	set [64].3
  59  0005              #line 59 "C:\ChipsGarden\醇法\MK8002D\UART2EEPROMwith8bitsMCU\UART2EEPROMwith8bitsMCU\Uart.c"
  59  0005  3240        	set [64].4
  60  0006              #line 60 "C:\ChipsGarden\醇法\MK8002D\UART2EEPROMwith8bitsMCU\UART2EEPROMwith8bitsMCU\Uart.c"
  60  0006  31C2        	set [66].3
  61  0007              #line 61 "C:\ChipsGarden\醇法\MK8002D\UART2EEPROMwith8bitsMCU\UART2EEPROMwith8bitsMCU\Uart.c"
  61  0007  3242        	set [66].4
  63  0008              #line 63 "C:\ChipsGarden\醇法\MK8002D\UART2EEPROMwith8bitsMCU\UART2EEPROMwith8bitsMCU\Uart.c"
  63  0008  0F80        	mov a,128
  63  0009  00C5        	mov [69],a
  64  000A              #line 64 "C:\ChipsGarden\醇法\MK8002D\UART2EEPROMwith8bitsMCU\UART2EEPROMwith8bitsMCU\Uart.c"
  64  000A  0FE5        	mov a,229
  64  000B  00C6        	mov [70],a
  65  000C              #line 65 "C:\ChipsGarden\醇法\MK8002D\UART2EEPROMwith8bitsMCU\UART2EEPROMwith8bitsMCU\Uart.c"
  65  000C  3146        	set [70].2
  67  000D              #line 67 "C:\ChipsGarden\醇法\MK8002D\UART2EEPROMwith8bitsMCU\UART2EEPROMwith8bitsMCU\Uart.c"
  67  000D  0F33        	mov a,51
  67  000E  00C7        	mov [71],a
  71  000F              #line 71 "C:\ChipsGarden\醇法\MK8002D\UART2EEPROMwith8bitsMCU\UART2EEPROMwith8bitsMCU\Uart.c"
  71  000F  1F00     R  	clr _rx_guide[0]
  72  0010              #line 72 "C:\ChipsGarden\醇法\MK8002D\UART2EEPROMwith8bitsMCU\UART2EEPROMwith8bitsMCU\Uart.c"
  72  0010  1F00     R  	clr _tx_guide[0]
  73  0011              #line 73 "C:\ChipsGarden\醇法\MK8002D\UART2EEPROMwith8bitsMCU\UART2EEPROMwith8bitsMCU\Uart.c"
  73  0011  3190        	set [16].3
  73  0012  0003        	ret
  73  0013              _Uart_Init endp
  73  0013              #line 73 "C:\ChipsGarden\醇法\MK8002D\UART2EEPROMwith8bitsMCU\UART2EEPROMwith8bitsMCU\Uart.c"
  73  0013              #pragma debug scope 1 1
  73  0013              public _Uart_off
  73  0013              #pragma debug scope 3 1
  82  0013              #line 82 "C:\ChipsGarden\醇法\MK8002D\UART2EEPROMwith8bitsMCU\UART2EEPROMwith8bitsMCU\Uart.c"
  82  0000              _Uart_off .section 'code'
  82  0000              _Uart_off proc
  83  0000              #line 83 "C:\ChipsGarden\醇法\MK8002D\UART2EEPROMwith8bitsMCU\UART2EEPROMwith8bitsMCU\Uart.c"
  83  0000  3546        	clr [70].2
  88  0001              #line 88 "C:\ChipsGarden\醇法\MK8002D\UART2EEPROMwith8bitsMCU\UART2EEPROMwith8bitsMCU\Uart.c"
  88  0001  31C0        	set [64].3
  89  0002              #line 89 "C:\ChipsGarden\醇法\MK8002D\UART2EEPROMwith8bitsMCU\UART2EEPROMwith8bitsMCU\Uart.c"
  89  0002  3241        	set [65].4
"File: Uart.c        Assembler  Version HGASM0202      Page 3

  89  0003  0003        	ret
  89  0004              _Uart_off endp
  89  0004              #line 89 "C:\ChipsGarden\醇法\MK8002D\UART2EEPROMwith8bitsMCU\UART2EEPROMwith8bitsMCU\Uart.c"
  89  0004              #pragma debug scope 1 1
  89  0004              ___usr equ [68]
  89  0004              ___txr_rxr equ [72]
  89  0004              public _UART_ISR
  89  0004              #pragma debug scope 4 1
  99  0004              #line 99 "C:\ChipsGarden\醇法\MK8002D\UART2EEPROMwith8bitsMCU\UART2EEPROMwith8bitsMCU\Uart.c"
  99  0000              @UART_ISR_code .section at 44 'code'
  99  0000  0080     E  	mov r1,a
  99  0001  0704        	mov a,bp
  99  0002  0080     E  	mov r2,a
  99  0003  2800     R  	jmp _UART_ISR
  99  0004              #pragma debug scope 1 1
  99  0004              @dummy44 endp
  99  0004              #pragma debug scope 5 1
  99  0000              _UART_ISR .section 'code'
  99  0000              _UART_ISR proc
  99  0000  070A        	mov a,status
  99  0001  0080     E  	mov r3,a
  99  0002  0703        	mov a,mp
  99  0003  0080     E  	mov r4,a
  99  0004  0701        	mov a,sbp
  99  0005  0080     E  	mov r5,a
  99  0006  0707        	mov a,tblp
  99  0007  0080     E  	mov r6,a
  99  0008  0709        	mov a,tbhp
  99  0009  0080     E  	mov r7,a
 102  000A              #line 102 "C:\ChipsGarden\醇法\MK8002D\UART2EEPROMwith8bitsMCU\UART2EEPROMwith8bitsMCU\Uart.c"
 102  000A  3FC4        	sz [68].7
 102  000B  2800     R  	jmp _L4
 102  000C              #line 102 "C:\ChipsGarden\醇法\MK8002D\UART2EEPROMwith8bitsMCU\UART2EEPROMwith8bitsMCU\Uart.c"
 102  000C  3F44        	sz [68].6
 102  000D  2800     R  	jmp _L4
 102  000E  3EC4        	sz [68].5
 102  000F  2800     R  	jmp _L4
 102  0010  3A44        	snz [68].4
 102  0011  2800     R  	jmp _L5
 102  0012              _L4:
 104  0012              #line 104 "C:\ChipsGarden\醇法\MK8002D\UART2EEPROMwith8bitsMCU\UART2EEPROMwith8bitsMCU\Uart.c"
 104  0012  0744        	mov a,[68]
 104  0013  0080     E  	mov ra,a
 105  0014              #line 105 "C:\ChipsGarden\醇法\MK8002D\UART2EEPROMwith8bitsMCU\UART2EEPROMwith8bitsMCU\Uart.c"
 105  0014  0748        	mov a,[72]
 105  0015  0080     E  	mov ra,a
 105  0016  2800     R  	jmp _L3
 105  0017              _L5:
 109  0017              #line 109 "C:\ChipsGarden\醇法\MK8002D\UART2EEPROMwith8bitsMCU\UART2EEPROMwith8bitsMCU\Uart.c"
 109  0017  3944        	snz [68].2
 109  0018  2800     R  	jmp _L7
 111  0019              #line 111 "C:\ChipsGarden\醇法\MK8002D\UART2EEPROMwith8bitsMCU\UART2EEPROMwith8bitsMCU\Uart.c"
 111  0019  0F07        	mov a,7
 111  001A  0200     R  	sub a,_rx_guide[0]
 111  001B  3C0A        	sz c
 111  001C  2800     R  	jmp _L8
 113  001D              #line 113 "C:\ChipsGarden\醇法\MK8002D\UART2EEPROMwith8bitsMCU\UART2EEPROMwith8bitsMCU\Uart.c"
 113  001D  0F08        	mov a,8
 113  001E  0080     R  	mov _rx_guide[0],a
 113  001F  2800     R  	jmp _L9
"File: Uart.c        Assembler  Version HGASM0202      Page 4

 113  0020              _L8:
 117  0020              #line 117 "C:\ChipsGarden\醇法\MK8002D\UART2EEPROMwith8bitsMCU\UART2EEPROMwith8bitsMCU\Uart.c"
 117  0020  0F00     R  	mov a,low offset _array_uart_rxbuff
 117  0021  0300     R  	add a,_rx_guide[0]
 117  0022  0083        	mov mp,a
 117  0023  0F00     R  	mov a,high offset _array_uart_rxbuff
 117  0024  1F01        	clr sbp
 117  0025  1381        	adcm a,sbp
 117  0026  0701        	mov a,sbp
 117  0027  0084        	mov bp,a
 117  0028  0748        	mov a,[72]
 117  0029  0082        	mov ir,a
 118  002A              #line 118 "C:\ChipsGarden\醇法\MK8002D\UART2EEPROMwith8bitsMCU\UART2EEPROMwith8bitsMCU\Uart.c"
 118  002A  1480     R  	inc _rx_guide[0]
 119  002B              #line 119 "C:\ChipsGarden\醇法\MK8002D\UART2EEPROMwith8bitsMCU\UART2EEPROMwith8bitsMCU\Uart.c"
 119  002B  0700     R  	mov a,_rx_guide[0]
 119  002C  0A08        	sub a,8
 119  002D  390A        	snz z
 119  002E  2800     R  	jmp _L9
 119  002F  0F00     R  	mov a,low (offset _array_uart_rxbuff-1)
 119  0030  0300     R  	add a,_rx_guide[0]
 119  0031  0083        	mov mp,a
 119  0032  0F00     R  	mov a,high (offset _array_uart_rxbuff-1)
 119  0033  1F01        	clr sbp
 119  0034  1381        	adcm a,sbp
 119  0035  2000     E  	call _Crom2Prom
 119  0036  0080     E  	mov ra,a
 119  0037  0700     E  	mov a,ra
 119  0038  0A0A        	sub a,10
 119  0039  390A        	snz z
 119  003A  2800     R  	jmp _L9
 121  003B              #line 121 "C:\ChipsGarden\醇法\MK8002D\UART2EEPROMwith8bitsMCU\UART2EEPROMwith8bitsMCU\Uart.c"
 121  003B  3000     R  	set _uart_flag[0].0
 121  003C              _L9:
 129  003C              #line 129 "C:\ChipsGarden\醇法\MK8002D\UART2EEPROMwith8bitsMCU\UART2EEPROMwith8bitsMCU\Uart.c"
 129  003C              ;# 129 "C:\ChipsGarden\醇法\MK8002D\UART2EEPROMwith8bitsMCU\UART2EEPROMwith8bitsMCU\Uart.c" 1
 129  003C  0000        	nop
 129  003D  2800     R  	jmp _L3
 129  003E              _L7:
 133  003E              #line 133 "C:\ChipsGarden\醇法\MK8002D\UART2EEPROMwith8bitsMCU\UART2EEPROMwith8bitsMCU\Uart.c"
 133  003E  3844        	snz [68].0
 133  003F  2800     R  	jmp _L3
 135  0040              #line 135 "C:\ChipsGarden\醇法\MK8002D\UART2EEPROMwith8bitsMCU\UART2EEPROMwith8bitsMCU\Uart.c"
 135  0040  1080     R  	sz _tx_guide[0]
 135  0041  2800     R  	jmp _LI1
 135  0042  2800     R  	jmp _L10
 135  0043              _LI1:
 137  0043              #line 137 "C:\ChipsGarden\醇法\MK8002D\UART2EEPROMwith8bitsMCU\UART2EEPROMwith8bitsMCU\Uart.c"
 137  0043  1580     R  	dec _tx_guide[0]
 138  0044              #line 138 "C:\ChipsGarden\醇法\MK8002D\UART2EEPROMwith8bitsMCU\UART2EEPROMwith8bitsMCU\Uart.c"
 138  0044  1400     R  	inca _tx_index[0]
 138  0045  0080     E  	mov ra,a
 138  0046  0700     E  	mov a,ra
 138  0047  0080     R  	mov _tx_index[0],a
 139  0048              #line 139 "C:\ChipsGarden\醇法\MK8002D\UART2EEPROMwith8bitsMCU\UART2EEPROMwith8bitsMCU\Uart.c"
 139  0048  0F00     R  	mov a,low offset _array_uart_txbuff
 139  0049  0300     E  	add a,ra
 139  004A  0083        	mov mp,a
 139  004B  0F00     R  	mov a,high offset _array_uart_txbuff
 139  004C  1F01        	clr sbp
"File: Uart.c        Assembler  Version HGASM0202      Page 5

 139  004D  1381        	adcm a,sbp
 139  004E  2000     E  	call _Crom2Prom
 139  004F  00C8        	mov [72],a
 139  0050  2800     R  	jmp _L3
 139  0051              _L10:
 143  0051              #line 143 "C:\ChipsGarden\醇法\MK8002D\UART2EEPROMwith8bitsMCU\UART2EEPROMwith8bitsMCU\Uart.c"
 143  0051  0FE5        	mov a,229
 143  0052  00C6        	mov [70],a
 146  0053              #line 146 "C:\ChipsGarden\醇法\MK8002D\UART2EEPROMwith8bitsMCU\UART2EEPROMwith8bitsMCU\Uart.c"
 146  0053  1F00     R  	clr _rx_guide[0]
 147  0054              #line 147 "C:\ChipsGarden\醇法\MK8002D\UART2EEPROMwith8bitsMCU\UART2EEPROMwith8bitsMCU\Uart.c"
 147  0054  3540        	clr [64].2
 147  0055              _L3:
 147  0055  0700     E  	mov a,r2
 147  0056  0084        	mov bp,a
 147  0057  0700     E  	mov a,r3
 147  0058  008A        	mov status,a
 147  0059  0700     E  	mov a,r4
 147  005A  0083        	mov mp,a
 147  005B  0700     E  	mov a,r5
 147  005C  0081        	mov sbp,a
 147  005D  0700     E  	mov a,r6
 147  005E  0087        	mov tblp,a
 147  005F  0700     E  	mov a,r7
 147  0060  0089        	mov tbhp,a
 147  0061  1D05        	tabrdc acc
 147  0062  0700     E  	mov a,r1
 147  0063  0004        	reti
 147  0064              _UART_ISR endp
 147  0064              
 147  0064              #line 147 "C:\ChipsGarden\醇法\MK8002D\UART2EEPROMwith8bitsMCU\UART2EEPROMwith8bitsMCU\Uart.c"
 147  0064              #pragma debug scope 1 1
 147  0064              public _calc_crc
 147  0064              #pragma debug scope 6 1
 313  0064              #line 313 "C:\ChipsGarden\醇法\MK8002D\UART2EEPROMwith8bitsMCU\UART2EEPROMwith8bitsMCU\Uart.c"
 313  0000              _calc_crc .section 'code'
 313  0000              _calc_crc proc
 313  0000              public _calc_crc_2
 313  0000  0003[           local _calc_crc_2 db 3 dup(?)	; 3,0
            00
            ]
 313  0003              #pragma debug pointer 42 8 6
 313  0003              #pragma debug pointer 42 8 6
 313  0003              #pragma debug variable 42 6 _calc_crc_2+0 "pointer"
 313  0003              #pragma debug variable 8 6 _calc_crc_2+2 "length"
 315  0003              #line 315 "C:\ChipsGarden\醇法\MK8002D\UART2EEPROMwith8bitsMCU\UART2EEPROMwith8bitsMCU\Uart.c"
 315  0000  1F80     R  	set _reg_crc[0]
 315  0001  1F80     R  	set _reg_crc[1]
 315  0002  0700     R  	mov a,_calc_crc_2[0]
 315  0003  0080     E  	mov rd,a
 315  0004  0700     R  	mov a,_calc_crc_2[1]
 315  0005  0080     E  	mov re,a
 316  0006              #line 316 "C:\ChipsGarden\醇法\MK8002D\UART2EEPROMwith8bitsMCU\UART2EEPROMwith8bitsMCU\Uart.c"
 316  0006  1F00     E  	clr ra
 316  0007              _L16:
 316  0007              #line 316 "C:\ChipsGarden\醇法\MK8002D\UART2EEPROMwith8bitsMCU\UART2EEPROMwith8bitsMCU\Uart.c"
 316  0007  0700     E  	mov a,ra
 316  0008  0200     R  	sub a,_calc_crc_2[2]
 316  0009  3D0A        	sz z
 316  000A  2800     R  	jmp _L22
"File: Uart.c        Assembler  Version HGASM0202      Page 6

 320  000B              #line 320 "C:\ChipsGarden\醇法\MK8002D\UART2EEPROMwith8bitsMCU\UART2EEPROMwith8bitsMCU\Uart.c"
 320  000B  0700     E  	mov a,rd
 320  000C  0083        	mov mp,a
 320  000D  0700     E  	mov a,re
 320  000E  0081        	mov sbp,a
 320  000F  2000     E  	call _Crom2Prom
 320  0010  0080     E  	mov rb,a
 320  0011  1F00     E  	clr rc
 320  0012  0700     R  	mov a,_reg_crc[1]
 320  0013  0480     E  	xorm a,rc
 320  0014  0700     R  	mov a,_reg_crc[0]
 320  0015  0480     E  	xorm a,rb
 320  0016  0F08        	mov a,8
 320  0017  0080     E  	mov rf,a
 320  0018              _L20:
 323  0018              #line 323 "C:\ChipsGarden\醇法\MK8002D\UART2EEPROMwith8bitsMCU\UART2EEPROMwith8bitsMCU\Uart.c"
 323  0018  3800     E  	snz rb.0
 323  0019  2800     R  	jmp _L17
 325  001A              #line 325 "C:\ChipsGarden\醇法\MK8002D\UART2EEPROMwith8bitsMCU\UART2EEPROMwith8bitsMCU\Uart.c"
 325  001A  340A        	clr c
 325  001B  1B80     E  	rrc rc
 325  001C  1B80     E  	rrc rb
 326  001D              #line 326 "C:\ChipsGarden\醇法\MK8002D\UART2EEPROMwith8bitsMCU\UART2EEPROMwith8bitsMCU\Uart.c"
 326  001D  0FA0        	mov a,160
 326  001E  0480     E  	xorm a,rc
 326  001F  0F01        	mov a,1
 326  0020  0480     E  	xorm a,rb
 326  0021  2800     R  	jmp _L18
 326  0022              _L17:
 330  0022              #line 330 "C:\ChipsGarden\醇法\MK8002D\UART2EEPROMwith8bitsMCU\UART2EEPROMwith8bitsMCU\Uart.c"
 330  0022  340A        	clr c
 330  0023  1B80     E  	rrc rc
 330  0024  1B80     E  	rrc rb
 330  0025              _L18:
 330  0025  1780     E  	sdz rf
 330  0026  2800     R  	jmp _L20
 330  0027  0700     E  	mov a,rb
 330  0028  0080     R  	mov _reg_crc[0],a
 330  0029  0700     E  	mov a,rc
 330  002A  0080     R  	mov _reg_crc[1],a
 316  002B              #line 316 "C:\ChipsGarden\醇法\MK8002D\UART2EEPROMwith8bitsMCU\UART2EEPROMwith8bitsMCU\Uart.c"
 316  002B  1480     E  	inc ra
 316  002C  1480     E  	inc rd
 316  002D  3D0A        	sz z
 316  002E  1480     E  	inc re
 316  002F  2800     R  	jmp _L16
 316  0030              _L22:
 336  0030              #line 336 "C:\ChipsGarden\醇法\MK8002D\UART2EEPROMwith8bitsMCU\UART2EEPROMwith8bitsMCU\Uart.c"
 336  0030  0700     R  	mov a,_reg_crc[0]
 336  0031  0080     E  	mov ra,a
 336  0032  0700     R  	mov a,_reg_crc[1]
 336  0033  0080     E  	mov rb,a
 336  0034  0003        	ret
 336  0035              _calc_crc endp
 336  0035              #line 336 "C:\ChipsGarden\醇法\MK8002D\UART2EEPROMwith8bitsMCU\UART2EEPROMwith8bitsMCU\Uart.c"
 336  0035              #pragma debug scope 1 1
 336  0035              public _Uart_TXD_Send
 336  0035              #pragma debug scope 7 1
 222  0035              #line 222 "C:\ChipsGarden\醇法\MK8002D\UART2EEPROMwith8bitsMCU\UART2EEPROMwith8bitsMCU\Uart.c"
 222  0000              _Uart_TXD_Send .section 'code'
"File: Uart.c        Assembler  Version HGASM0202      Page 7

 222  0000              _Uart_TXD_Send proc
 222  0000              public _Uart_TXD_Send_2
 222  0000  0002[           local _Uart_TXD_Send_2 db 2 dup(?)	; 2,0
            00
            ]
 222  0002              #pragma debug variable 12 7 _Uart_TXD_Send_2+0 "tx_data"
 223  0002              #line 223 "C:\ChipsGarden\醇法\MK8002D\UART2EEPROMwith8bitsMCU\UART2EEPROMwith8bitsMCU\Uart.c"
 223  0000  0F09        	mov a,9
 223  0001  0080     R  	mov _tx_guide[0],a
 224  0002              #line 224 "C:\ChipsGarden\醇法\MK8002D\UART2EEPROMwith8bitsMCU\UART2EEPROMwith8bitsMCU\Uart.c"
 224  0002  1F00     R  	clr _tx_index[0]
 225  0003              #line 225 "C:\ChipsGarden\醇法\MK8002D\UART2EEPROMwith8bitsMCU\UART2EEPROMwith8bitsMCU\Uart.c"
 225  0003  3140        	set [64].2
 229  0004              #line 229 "C:\ChipsGarden\醇法\MK8002D\UART2EEPROMwith8bitsMCU\UART2EEPROMwith8bitsMCU\Uart.c"
 229  0004  0F44        	mov a,68
 229  0005  0080     R  	mov _array_uart_txbuff[0],a
 230  0006              #line 230 "C:\ChipsGarden\醇法\MK8002D\UART2EEPROMwith8bitsMCU\UART2EEPROMwith8bitsMCU\Uart.c"
 230  0006  0F01        	mov a,1
 230  0007  0080     R  	mov _array_uart_txbuff[1],a
 231  0008              #line 231 "C:\ChipsGarden\醇法\MK8002D\UART2EEPROMwith8bitsMCU\UART2EEPROMwith8bitsMCU\Uart.c"
 231  0008  0F04        	mov a,4
 231  0009  0080     R  	mov _array_uart_txbuff[2],a
 232  000A              #line 232 "C:\ChipsGarden\醇法\MK8002D\UART2EEPROMwith8bitsMCU\UART2EEPROMwith8bitsMCU\Uart.c"
 232  000A  0700     R  	mov a,_Uart_TXD_Send_2[0]
 232  000B  0080     E  	mov rb,a
 232  000C  0700     R  	mov a,_Uart_TXD_Send_2[1]
 232  000D  0080     E  	mov rc,a
 232  000E  0700     E  	mov a,rc
 232  000F  0080     E  	mov rb,a
 232  0010  1F00     E  	clr rc
 232  0011  0700     E  	mov a,rb
 232  0012  0080     R  	mov _array_uart_txbuff[3],a
 233  0013              #line 233 "C:\ChipsGarden\醇法\MK8002D\UART2EEPROMwith8bitsMCU\UART2EEPROMwith8bitsMCU\Uart.c"
 233  0013  0700     R  	mov a,_Uart_TXD_Send_2[0]
 233  0014  0080     E  	mov ra,a
 233  0015  0700     E  	mov a,ra
 233  0016  0080     R  	mov _array_uart_txbuff[4],a
 234  0017              #line 234 "C:\ChipsGarden\醇法\MK8002D\UART2EEPROMwith8bitsMCU\UART2EEPROMwith8bitsMCU\Uart.c"
 234  0017  0700     E  	mov a,rb
 234  0018  0080     R  	mov _array_uart_txbuff[5],a
 235  0019              #line 235 "C:\ChipsGarden\醇法\MK8002D\UART2EEPROMwith8bitsMCU\UART2EEPROMwith8bitsMCU\Uart.c"
 235  0019  0700     E  	mov a,ra
 235  001A  0080     R  	mov _array_uart_txbuff[6],a
 237  001B              #line 237 "C:\ChipsGarden\醇法\MK8002D\UART2EEPROMwith8bitsMCU\UART2EEPROMwith8bitsMCU\Uart.c"
 237  001B  0F07        	mov a,7
 237  001C  0080     R  	mov _calc_crc_2[2],a
 237  001D  0F00     R  	mov a,low offset _array_uart_txbuff
 237  001E  0080     R  	mov _calc_crc_2[0],a
 237  001F  0F00     R  	mov a,high offset _array_uart_txbuff
 237  0020  0080     R  	mov _calc_crc_2[1],a
 237  0021  2000     R  	call _calc_crc
 239  0022              #line 239 "C:\ChipsGarden\醇法\MK8002D\UART2EEPROMwith8bitsMCU\UART2EEPROMwith8bitsMCU\Uart.c"
 239  0022  0700     R  	mov a,_reg_crc[0]
 239  0023  0080     R  	mov _array_uart_txbuff[7],a
 240  0024              #line 240 "C:\ChipsGarden\醇法\MK8002D\UART2EEPROMwith8bitsMCU\UART2EEPROMwith8bitsMCU\Uart.c"
 240  0024  0700     R  	mov a,_reg_crc[1]
 240  0025  0080     R  	mov _array_uart_txbuff[8],a
 242  0026              #line 242 "C:\ChipsGarden\醇法\MK8002D\UART2EEPROMwith8bitsMCU\UART2EEPROMwith8bitsMCU\Uart.c"
 242  0026  0700     R  	mov a,_array_uart_txbuff[0]
 242  0027  00C8        	mov [72],a
"File: Uart.c        Assembler  Version HGASM0202      Page 8

 243  0028              #line 243 "C:\ChipsGarden\醇法\MK8002D\UART2EEPROMwith8bitsMCU\UART2EEPROMwith8bitsMCU\Uart.c"
 243  0028  1580     R  	dec _tx_guide[0]
 243  0029  0003        	ret
 243  002A              _Uart_TXD_Send endp
 243  002A              #line 243 "C:\ChipsGarden\醇法\MK8002D\UART2EEPROMwith8bitsMCU\UART2EEPROMwith8bitsMCU\Uart.c"
 243  002A              #pragma debug scope 1 1
 243  002A              public _Buffer_Send6
 243  002A              #pragma debug scope 8 1
 251  002A              #line 251 "C:\ChipsGarden\醇法\MK8002D\UART2EEPROMwith8bitsMCU\UART2EEPROMwith8bitsMCU\Uart.c"
 251  0000              _Buffer_Send6 .section 'code'
 251  0000              _Buffer_Send6 proc
 251  0000  00              local _Buffer_Send6_2 db 1 dup(?)	; 0,1
 251  0000  0080     E  	mov ra,a
 251  0001  0080     R  	mov _Buffer_Send6_2[0],a
 251  0002              #pragma debug variable 8 8 _Buffer_Send6_2+0 "count"
 253  0002              #line 253 "C:\ChipsGarden\醇法\MK8002D\UART2EEPROMwith8bitsMCU\UART2EEPROMwith8bitsMCU\Uart.c"
 253  0002  0F0C        	mov a,12
 253  0003  0200     E  	sub a,ra
 253  0004  380A        	snz c
 253  0005  2800     R  	jmp _L24
 258  0006              #line 258 "C:\ChipsGarden\醇法\MK8002D\UART2EEPROMwith8bitsMCU\UART2EEPROMwith8bitsMCU\Uart.c"
 258  0006  0700     E  	mov a,ra
 258  0007  0B04        	add a,4
 258  0008  0080     R  	mov _tx_guide[0],a
 259  0009              #line 259 "C:\ChipsGarden\醇法\MK8002D\UART2EEPROMwith8bitsMCU\UART2EEPROMwith8bitsMCU\Uart.c"
 259  0009  1F00     R  	clr _tx_index[0]
 260  000A              #line 260 "C:\ChipsGarden\醇法\MK8002D\UART2EEPROMwith8bitsMCU\UART2EEPROMwith8bitsMCU\Uart.c"
 260  000A  3140        	set [64].2
 264  000B              #line 264 "C:\ChipsGarden\醇法\MK8002D\UART2EEPROMwith8bitsMCU\UART2EEPROMwith8bitsMCU\Uart.c"
 264  000B  0F44        	mov a,68
 264  000C  0080     R  	mov _array_uart_txbuff[0],a
 265  000D              #line 265 "C:\ChipsGarden\醇法\MK8002D\UART2EEPROMwith8bitsMCU\UART2EEPROMwith8bitsMCU\Uart.c"
 265  000D  0700     R  	mov a,_array_uart_rxbuff[1]
 265  000E  0080     R  	mov _array_uart_txbuff[1],a
 268  000F              #line 268 "C:\ChipsGarden\醇法\MK8002D\UART2EEPROMwith8bitsMCU\UART2EEPROMwith8bitsMCU\Uart.c"
 268  000F  0700     E  	mov a,ra
 268  0010  0B02        	add a,2
 268  0011  0080     R  	mov _calc_crc_2[2],a
 268  0012  0F00     R  	mov a,low offset _array_uart_txbuff
 268  0013  0080     R  	mov _calc_crc_2[0],a
 268  0014  0F00     R  	mov a,high offset _array_uart_txbuff
 268  0015  0080     R  	mov _calc_crc_2[1],a
 268  0016  2000     R  	call _calc_crc
 270  0017              #line 270 "C:\ChipsGarden\醇法\MK8002D\UART2EEPROMwith8bitsMCU\UART2EEPROMwith8bitsMCU\Uart.c"
 270  0017  0700     R  	mov a,_Buffer_Send6_2[0]
 270  0018  0080     E  	mov rb,a
 270  0019  1F00     E  	clr rc
 270  001A  0700     R  	mov a,_reg_crc[1]
 270  001B  0080     E  	mov ra,a
 270  001C  0F00     R  	mov a,low (offset _array_uart_txbuff+2)
 270  001D  0300     E  	add a,rb
 270  001E  0083        	mov mp,a
 270  001F  0F00     R  	mov a,high (offset _array_uart_txbuff+2)
 270  0020  1300     E  	adc a,rc
 270  0021  0081        	mov sbp,a
 270  0022  0701        	mov a,sbp
 270  0023  0084        	mov bp,a
 270  0024  0700     R  	mov a,_reg_crc[0]
 270  0025  0082        	mov ir,a
 271  0026              #line 271 "C:\ChipsGarden\醇法\MK8002D\UART2EEPROMwith8bitsMCU\UART2EEPROMwith8bitsMCU\Uart.c"
"File: Uart.c        Assembler  Version HGASM0202      Page 9

 271  0026  0F00     R  	mov a,low (offset _array_uart_txbuff+3)
 271  0027  0300     E  	add a,rb
 271  0028  0083        	mov mp,a
 271  0029  0F00     R  	mov a,high (offset _array_uart_txbuff+3)
 271  002A  1300     E  	adc a,rc
 271  002B  0081        	mov sbp,a
 271  002C  0701        	mov a,sbp
 271  002D  0084        	mov bp,a
 271  002E  0700     E  	mov a,ra
 271  002F  0082        	mov ir,a
 273  0030              #line 273 "C:\ChipsGarden\醇法\MK8002D\UART2EEPROMwith8bitsMCU\UART2EEPROMwith8bitsMCU\Uart.c"
 273  0030  0700     R  	mov a,_array_uart_txbuff[0]
 273  0031  00C8        	mov [72],a
 274  0032              #line 274 "C:\ChipsGarden\醇法\MK8002D\UART2EEPROMwith8bitsMCU\UART2EEPROMwith8bitsMCU\Uart.c"
 274  0032  1580     R  	dec _tx_guide[0]
 274  0033              _L24:
 274  0033  0003        	ret
 274  0034              _Buffer_Send6 endp
 274  0034              #line 274 "C:\ChipsGarden\醇法\MK8002D\UART2EEPROMwith8bitsMCU\UART2EEPROMwith8bitsMCU\Uart.c"
 274  0034              #pragma debug scope 1 1
 274  0034              public _Buffer_Send3
 274  0034              #pragma debug scope 9 1
 282  0034              #line 282 "C:\ChipsGarden\醇法\MK8002D\UART2EEPROMwith8bitsMCU\UART2EEPROMwith8bitsMCU\Uart.c"
 282  0000              _Buffer_Send3 .section 'code'
 282  0000              _Buffer_Send3 proc
 282  0000  00              local _Buffer_Send3_2 db 1 dup(?)	; 0,1
 282  0000  0080     E  	mov ra,a
 282  0001  0080     R  	mov _Buffer_Send3_2[0],a
 282  0002              #pragma debug variable 8 9 _Buffer_Send3_2+0 "count"
 284  0002              #line 284 "C:\ChipsGarden\醇法\MK8002D\UART2EEPROMwith8bitsMCU\UART2EEPROMwith8bitsMCU\Uart.c"
 284  0002  0F0B        	mov a,11
 284  0003  0200     E  	sub a,ra
 284  0004  380A        	snz c
 284  0005  2800     R  	jmp _L26
 284  0006              #pragma debug scope 10 9
 284  0006              ;begin block, line: 284.-1
 284  0006              #pragma debug scope 11 10
 284  0006              ;begin block, line: 284.-1
 289  0006              #line 289 "C:\ChipsGarden\醇法\MK8002D\UART2EEPROMwith8bitsMCU\UART2EEPROMwith8bitsMCU\Uart.c"
 289  0006  0700     E  	mov a,ra
 289  0007  0B05        	add a,5
 289  0008  0080     R  	mov _tx_guide[0],a
 290  0009              #line 290 "C:\ChipsGarden\醇法\MK8002D\UART2EEPROMwith8bitsMCU\UART2EEPROMwith8bitsMCU\Uart.c"
 290  0009  1F00     R  	clr _tx_index[0]
 291  000A              #line 291 "C:\ChipsGarden\醇法\MK8002D\UART2EEPROMwith8bitsMCU\UART2EEPROMwith8bitsMCU\Uart.c"
 291  000A  3140        	set [64].2
 295  000B              #line 295 "C:\ChipsGarden\醇法\MK8002D\UART2EEPROMwith8bitsMCU\UART2EEPROMwith8bitsMCU\Uart.c"
 295  000B  0F44        	mov a,68
 295  000C  0080     R  	mov _array_uart_txbuff[0],a
 296  000D              #line 296 "C:\ChipsGarden\醇法\MK8002D\UART2EEPROMwith8bitsMCU\UART2EEPROMwith8bitsMCU\Uart.c"
 296  000D  0700     R  	mov a,_array_uart_rxbuff[1]
 296  000E  0080     R  	mov _array_uart_txbuff[1],a
 297  000F              #line 297 "C:\ChipsGarden\醇法\MK8002D\UART2EEPROMwith8bitsMCU\UART2EEPROMwith8bitsMCU\Uart.c"
 297  000F  0700     R  	mov a,_Buffer_Send3_2[0]
 297  0010  0080     R  	mov _array_uart_txbuff[2],a
 299  0011              #line 299 "C:\ChipsGarden\醇法\MK8002D\UART2EEPROMwith8bitsMCU\UART2EEPROMwith8bitsMCU\Uart.c"
 299  0011  0700     E  	mov a,ra
 299  0012  0B03        	add a,3
 299  0013  0080     R  	mov _calc_crc_2[2],a
 299  0014  0F00     R  	mov a,low offset _array_uart_txbuff
"File: Uart.c        Assembler  Version HGASM0202      Page 10

 299  0015  0080     R  	mov _calc_crc_2[0],a
 299  0016  0F00     R  	mov a,high offset _array_uart_txbuff
 299  0017  0080     R  	mov _calc_crc_2[1],a
 299  0018  2000     R  	call _calc_crc
 301  0019              #line 301 "C:\ChipsGarden\醇法\MK8002D\UART2EEPROMwith8bitsMCU\UART2EEPROMwith8bitsMCU\Uart.c"
 301  0019  0700     R  	mov a,_Buffer_Send3_2[0]
 301  001A  0080     E  	mov rb,a
 301  001B  1F00     E  	clr rc
 301  001C  0700     R  	mov a,_reg_crc[1]
 301  001D  0080     E  	mov ra,a
 301  001E  0F00     R  	mov a,low (offset _array_uart_txbuff+3)
 301  001F  0300     E  	add a,rb
 301  0020  0083        	mov mp,a
 301  0021  0F00     R  	mov a,high (offset _array_uart_txbuff+3)
 301  0022  1300     E  	adc a,rc
 301  0023  0081        	mov sbp,a
 301  0024  0701        	mov a,sbp
 301  0025  0084        	mov bp,a
 301  0026  0700     R  	mov a,_reg_crc[0]
 301  0027  0082        	mov ir,a
 302  0028              #line 302 "C:\ChipsGarden\醇法\MK8002D\UART2EEPROMwith8bitsMCU\UART2EEPROMwith8bitsMCU\Uart.c"
 302  0028  0F00     R  	mov a,low (offset _array_uart_txbuff+4)
 302  0029  0300     E  	add a,rb
 302  002A  0083        	mov mp,a
 302  002B  0F00     R  	mov a,high (offset _array_uart_txbuff+4)
 302  002C  1300     E  	adc a,rc
 302  002D  0081        	mov sbp,a
 302  002E  0701        	mov a,sbp
 302  002F  0084        	mov bp,a
 302  0030  0700     E  	mov a,ra
 302  0031  0082        	mov ir,a
 304  0032              #line 304 "C:\ChipsGarden\醇法\MK8002D\UART2EEPROMwith8bitsMCU\UART2EEPROMwith8bitsMCU\Uart.c"
 304  0032  0700     R  	mov a,_array_uart_txbuff[0]
 304  0033  00C8        	mov [72],a
 305  0034              #line 305 "C:\ChipsGarden\醇法\MK8002D\UART2EEPROMwith8bitsMCU\UART2EEPROMwith8bitsMCU\Uart.c"
 305  0034  1580     R  	dec _tx_guide[0]
 305  0035              _L26:
 305  0035              #pragma debug scope 10 9
 305  0035              #pragma debug scope 9 1
 305  0035  0003        	ret
 305  0036              _Buffer_Send3 endp
 305  0036              #line 305 "C:\ChipsGarden\醇法\MK8002D\UART2EEPROMwith8bitsMCU\UART2EEPROMwith8bitsMCU\Uart.c"
 305  0036              #pragma debug scope 1 1
 305  0036              public _Uart_RXD_Manage
 305  0036              #pragma debug scope 12 1
 161  0036              #line 161 "C:\ChipsGarden\醇法\MK8002D\UART2EEPROMwith8bitsMCU\UART2EEPROMwith8bitsMCU\Uart.c"
 161  0000              _Uart_RXD_Manage .section 'code'
 161  0000              _Uart_RXD_Manage proc
 161  0000  0003[           local _Uart_RXD_Manage_2 db 3 dup(?)	; 0,3
            00
            ]
 161  0003              #pragma debug variable 8 12 _Uart_RXD_Manage_2+0 "i"
 163  0003              #line 163 "C:\ChipsGarden\醇法\MK8002D\UART2EEPROMwith8bitsMCU\UART2EEPROMwith8bitsMCU\Uart.c"
 163  0000  3800     R  	snz _uart_flag[0].0
 163  0001  2800     R  	jmp _L28
 165  0002              #line 165 "C:\ChipsGarden\醇法\MK8002D\UART2EEPROMwith8bitsMCU\UART2EEPROMwith8bitsMCU\Uart.c"
 165  0002  3400     R  	clr _uart_flag[0].0
 166  0003              #line 166 "C:\ChipsGarden\醇法\MK8002D\UART2EEPROMwith8bitsMCU\UART2EEPROMwith8bitsMCU\Uart.c"
 166  0003  0700     R  	mov a,_array_uart_rxbuff[0]
 166  0004  0A44        	sub a,68
"File: Uart.c        Assembler  Version HGASM0202      Page 11

 166  0005  390A        	snz z
 166  0006  2800     R  	jmp _L30
 166  0007  0700     R  	mov a,_array_uart_rxbuff[7]
 166  0008  0A0A        	sub a,10
 166  0009  390A        	snz z
 166  000A  2800     R  	jmp _L30
 168  000B              #line 168 "C:\ChipsGarden\醇法\MK8002D\UART2EEPROMwith8bitsMCU\UART2EEPROMwith8bitsMCU\Uart.c"
 168  000B  0700     R  	mov a,_array_uart_rxbuff[1]
 168  000C  0080     R  	mov _Uart_RXD_Manage_2[0],a
 168  000D  0700     R  	mov a,_Uart_RXD_Manage_2[0]
 168  000E  0A03        	sub a,3
 168  000F  3D0A        	sz z
 168  0010  2800     R  	jmp _L31
 168  0011  0700     R  	mov a,_Uart_RXD_Manage_2[0]
 168  0012  0A06        	sub a,6
 168  0013  390A        	snz z
 168  0014  2800     R  	jmp _L30
 201  0015              #line 201 "C:\ChipsGarden\醇法\MK8002D\UART2EEPROMwith8bitsMCU\UART2EEPROMwith8bitsMCU\Uart.c"
 201  0015  0700     R  	mov a,_array_uart_rxbuff[3]
 201  0016  0080     E  	mov ra,a
 201  0017  0700     R  	mov a,_array_uart_rxbuff[5]
 201  0018  0080     E  	mov _Write_EEPROM_2[0],a
 201  0019  0700     E  	mov a,ra
 201  001A  2000     E  	call _Write_EEPROM
 204  001B              #line 204 "C:\ChipsGarden\醇法\MK8002D\UART2EEPROMwith8bitsMCU\UART2EEPROMwith8bitsMCU\Uart.c"
 204  001B  0700     R  	mov a,_array_uart_rxbuff[2]
 204  001C  0080     R  	mov _array_uart_txbuff[2],a
 204  001D  0700     R  	mov a,_array_uart_rxbuff[3]
 204  001E  0080     R  	mov _array_uart_txbuff[3],a
 204  001F  0700     R  	mov a,_array_uart_rxbuff[4]
 204  0020  0080     R  	mov _array_uart_txbuff[4],a
 204  0021  0700     R  	mov a,_array_uart_rxbuff[5]
 204  0022  0080     R  	mov _array_uart_txbuff[5],a
 206  0023              #line 206 "C:\ChipsGarden\醇法\MK8002D\UART2EEPROMwith8bitsMCU\UART2EEPROMwith8bitsMCU\Uart.c"
 206  0023  0F04        	mov a,4
 206  0024  2000     R  	call _Buffer_Send6
 207  0025              #line 207 "C:\ChipsGarden\醇法\MK8002D\UART2EEPROMwith8bitsMCU\UART2EEPROMwith8bitsMCU\Uart.c"
 207  0025  2800     R  	jmp _L30
 207  0026              _L31:
 183  0026              #line 183 "C:\ChipsGarden\醇法\MK8002D\UART2EEPROMwith8bitsMCU\UART2EEPROMwith8bitsMCU\Uart.c"
 183  0026  1700     R  	sdza _array_uart_rxbuff[2]
 183  0027  2800     R  	jmp _LI2
 183  0028  2800     R  	jmp _L33
 183  0029              _LI2:
 183  0029  1F00     R  	clr _Uart_RXD_Manage_2[0]
 183  002A  2800     R  	jmp _L34
 183  002B              _L33:
 185  002B              #line 185 "C:\ChipsGarden\醇法\MK8002D\UART2EEPROMwith8bitsMCU\UART2EEPROMwith8bitsMCU\Uart.c"
 185  002B  0700     R  	mov a,_array_uart_rxbuff[3]
 185  002C  0080     E  	mov ra,a
 185  002D  0700     E  	mov a,ra
 185  002E  2000     E  	call _Get_ADC
 185  002F  0700     E  	mov a,ra
 185  0030  0080     R  	mov _reg_crc[0],a
 185  0031  0700     E  	mov a,rb
 185  0032  0080     R  	mov _reg_crc[1],a
 186  0033              #line 186 "C:\ChipsGarden\醇法\MK8002D\UART2EEPROMwith8bitsMCU\UART2EEPROMwith8bitsMCU\Uart.c"
 186  0033  0700     E  	mov a,rb
 186  0034  0080     R  	mov _array_uart_txbuff[3],a
 187  0035              #line 187 "C:\ChipsGarden\醇法\MK8002D\UART2EEPROMwith8bitsMCU\UART2EEPROMwith8bitsMCU\Uart.c"
"File: Uart.c        Assembler  Version HGASM0202      Page 12

 187  0035  0700     E  	mov a,ra
 187  0036  0080     R  	mov _array_uart_txbuff[4],a
 188  0037              #line 188 "C:\ChipsGarden\醇法\MK8002D\UART2EEPROMwith8bitsMCU\UART2EEPROMwith8bitsMCU\Uart.c"
 188  0037  0F02        	mov a,2
 188  0038  2800     R  	jmp _L39
 188  0039              _L34:
 193  0039              #line 193 "C:\ChipsGarden\醇法\MK8002D\UART2EEPROMwith8bitsMCU\UART2EEPROMwith8bitsMCU\Uart.c"
 193  0039  0700     R  	mov a,_Uart_RXD_Manage_2[0]
 193  003A  0080     E  	mov rb,a
 193  003B  1F00     E  	clr rc
 193  003C  0700     R  	mov a,_array_uart_rxbuff[5]
 193  003D  0080     E  	mov rd,a
 193  003E  1F00     E  	clr re
 193  003F  340A        	clr c
 193  0040  1A80     E  	rlc rd
 193  0041  1A80     E  	rlc re
 193  0042  0700     E  	mov a,rb
 193  0043  0200     E  	sub a,rd
 193  0044  0700     E  	mov a,rc
 193  0045  1200     E  	sbc a,re
 193  0046  1185        	swap acc
 193  0047  040A        	xor a,status
 193  0048  3985        	snz acc.3
 193  0049  2800     R  	jmp _L40
 195  004A              #line 195 "C:\ChipsGarden\醇法\MK8002D\UART2EEPROMwith8bitsMCU\UART2EEPROMwith8bitsMCU\Uart.c"
 195  004A  0F03        	mov a,3
 195  004B  0300     E  	add a,rb
 195  004C  0080     R  	mov _Uart_RXD_Manage_2[1],a
 195  004D  0F00        	mov a,0
 195  004E  1300     E  	adc a,rc
 195  004F  0080     R  	mov _Uart_RXD_Manage_2[2],a
 195  0050  0700     R  	mov a,_Uart_RXD_Manage_2[0]
 195  0051  0300     R  	add a,_array_uart_rxbuff[3]
 195  0052  0080     E  	mov ra,a
 195  0053  0700     E  	mov a,ra
 195  0054  2000     E  	call _Read_EEPROM
 195  0055  0080     E  	mov ra,a
 195  0056  0F00     R  	mov a,low offset _array_uart_txbuff
 195  0057  0300     R  	add a,_Uart_RXD_Manage_2[1]
 195  0058  0083        	mov mp,a
 195  0059  0F00     R  	mov a,high offset _array_uart_txbuff
 195  005A  1300     R  	adc a,_Uart_RXD_Manage_2[2]
 195  005B  0081        	mov sbp,a
 195  005C  0701        	mov a,sbp
 195  005D  0084        	mov bp,a
 195  005E  0700     E  	mov a,ra
 195  005F  0082        	mov ir,a
 193  0060              #line 193 "C:\ChipsGarden\醇法\MK8002D\UART2EEPROMwith8bitsMCU\UART2EEPROMwith8bitsMCU\Uart.c"
 193  0060  1480     R  	inc _Uart_RXD_Manage_2[0]
 193  0061  2800     R  	jmp _L34
 193  0062              _L40:
 197  0062              #line 197 "C:\ChipsGarden\醇法\MK8002D\UART2EEPROMwith8bitsMCU\UART2EEPROMwith8bitsMCU\Uart.c"
 197  0062  0700     R  	mov a,_array_uart_rxbuff[5]
 197  0063  0300     R  	add a,_array_uart_rxbuff[5]
 197  0064  0080     E  	mov ra,a
 197  0065  0700     E  	mov a,ra
 197  0066              _L39:
 197  0066  2000     R  	call _Buffer_Send3
 197  0067              _L30:
 213  0067              #line 213 "C:\ChipsGarden\醇法\MK8002D\UART2EEPROMwith8bitsMCU\UART2EEPROMwith8bitsMCU\Uart.c"
"File: Uart.c        Assembler  Version HGASM0202      Page 13

 213  0067  1F00     R  	clr _rx_guide[0]
 213  0068              _L28:
 213  0068  0003        	ret
 213  0069              _Uart_RXD_Manage endp
 213  0069              #line 213 "C:\ChipsGarden\醇法\MK8002D\UART2EEPROMwith8bitsMCU\UART2EEPROMwith8bitsMCU\Uart.c"
 213  0069              #pragma debug scope 1 1
  43  0069              #line 43 "C:\ChipsGarden\醇法\MK8002D\UART2EEPROMwith8bitsMCU\UART2EEPROMwith8bitsMCU\Uart.c"
  43  0069              public _reg_crc
  43  0000              @HCCINIT0 .section 'data'
  43  0000  0002[       _reg_crc	db 2 dup(0)
            00
            ]
  43  0002              #pragma debug variable 12 1 _reg_crc "reg_crc"
  43  0002              
  43  0000              @HCCINIT .section 'data'
  41  0000              #line 41 "C:\ChipsGarden\醇法\MK8002D\UART2EEPROMwith8bitsMCU\UART2EEPROMwith8bitsMCU\Uart.c"
  41  0000              public _uart_flag
  41  0002              @HCCINIT0 .section 'data'
  41  0002              _uart_flag	db 0
  41  0003              #pragma debug struct_end
  41  0003              #pragma debug struct_end
  41  0003              #pragma debug union_end
  41  0003              #pragma debug union_end
  41  0003              #pragma debug variable 44 1 _uart_flag "uart_flag"
  41  0003              
  41  0000              @HCCINIT .section 'data'
  40  0000              #line 40 "C:\ChipsGarden\醇法\MK8002D\UART2EEPROMwith8bitsMCU\UART2EEPROMwith8bitsMCU\Uart.c"
  40  0000              public _array_uart_rxbuff
  40  0003              @HCCINIT0 .section 'data'
  40  0003  0008[       _array_uart_rxbuff	db 8 dup(0)
            00
            ]
  40  000B              #pragma debug array 45 8 8 1
  40  000B              #pragma debug array 45 8 8 1
  40  000B              #pragma debug variable 45 1 _array_uart_rxbuff "array_uart_rxbuff"
  40  000B              
  40  0000              @HCCINIT .section 'data'
  39  0000              #line 39 "C:\ChipsGarden\醇法\MK8002D\UART2EEPROMwith8bitsMCU\UART2EEPROMwith8bitsMCU\Uart.c"
  39  0000              public _array_uart_txbuff
  39  000B              @HCCINIT0 .section 'data'
  39  000B  0010[       _array_uart_txbuff	db 16 dup(0)
            00
            ]
  39  001B              #pragma debug array 46 8 16 1
  39  001B              #pragma debug array 46 8 16 1
  39  001B              #pragma debug variable 46 1 _array_uart_txbuff "array_uart_txbuff"
  39  001B              
  39  0000              @HCCINIT .section 'data'
  38  0000              #line 38 "C:\ChipsGarden\醇法\MK8002D\UART2EEPROMwith8bitsMCU\UART2EEPROMwith8bitsMCU\Uart.c"
  38  0000              public _tx_guide
  38  001B              @HCCINIT0 .section 'data'
  38  001B              _tx_guide	db 0
  38  001C              #pragma debug variable 8 1 _tx_guide "tx_guide"
  38  001C              
  38  0000              @HCCINIT .section 'data'
  37  0000              #line 37 "C:\ChipsGarden\醇法\MK8002D\UART2EEPROMwith8bitsMCU\UART2EEPROMwith8bitsMCU\Uart.c"
  37  0000              public _rx_guide
  37  001C              @HCCINIT0 .section 'data'
  37  001C              _rx_guide	db 0
  37  001D              #pragma debug variable 8 1 _rx_guide "rx_guide"
"File: Uart.c        Assembler  Version HGASM0202      Page 14

  37  001D              
  37  0000              @HCCINIT .section 'data'
  36  0000              #line 36 "C:\ChipsGarden\醇法\MK8002D\UART2EEPROMwith8bitsMCU\UART2EEPROMwith8bitsMCU\Uart.c"
  36  0000              public _tx_index
  36  001D              @HCCINIT0 .section 'data'
  36  001D              _tx_index	db 0
  36  001E              #pragma debug variable 8 1 _tx_index "tx_index"
  36  001E              
  36  0000              @HCCINIT .section 'data'
  36  0000              #pragma debug struct_end
  36  0000              #pragma debug struct_end
  36  0000              #pragma debug union_end
  36  0000              #pragma debug union_end
  36  0000              #pragma debug variable 48 1 ___intc2 "__intc2" 1
  36  0000              #pragma debug struct_end
  36  0000              #pragma debug struct_end
  36  0000              #pragma debug union_end
  36  0000              #pragma debug union_end
  36  0000              #pragma debug variable 50 1 ___pc "__pc" 1
  36  0000              #pragma debug struct_end
  36  0000              #pragma debug struct_end
  36  0000              #pragma debug union_end
  36  0000              #pragma debug union_end
  36  0000              #pragma debug variable 52 1 ___pcc "__pcc" 1
  36  0000              #pragma debug struct_end
  36  0000              #pragma debug struct_end
  36  0000              #pragma debug union_end
  36  0000              #pragma debug union_end
  36  0000              #pragma debug variable 54 1 ___pcpu "__pcpu" 1
  36  0000              #pragma debug struct_end
  36  0000              #pragma debug struct_end
  36  0000              #pragma debug union_end
  36  0000              #pragma debug union_end
  36  0000              #pragma debug variable 56 1 ___usr "__usr" 1
  36  0000              #pragma debug struct_end
  36  0000              #pragma debug struct_end
  36  0000              #pragma debug union_end
  36  0000              #pragma debug union_end
  36  0000              #pragma debug variable 58 1 ___ucr1 "__ucr1" 1
  36  0000              #pragma debug struct_end
  36  0000              #pragma debug struct_end
  36  0000              #pragma debug union_end
  36  0000              #pragma debug union_end
  36  0000              #pragma debug variable 60 1 ___ucr2 "__ucr2" 1
  36  0000              #pragma debug struct_end
  36  0000              #pragma debug struct_end
  36  0000              #pragma debug union_end
  36  0000              #pragma debug union_end
  36  0000              #pragma debug variable 62 1 ___brg "__brg" 1
  36  0000              #pragma debug struct_end
  36  0000              #pragma debug struct_end
  36  0000              #pragma debug union_end
  36  0000              #pragma debug union_end
  36  0000              #pragma debug variable 64 1 ___txr_rxr "__txr_rxr" 1
  36  0000              extern r1:byte
  36  0000              extern r2:byte
  36  0000              extern r3:byte
  36  0000              extern r4:byte
  36  0000              extern r5:byte
  36  0000              extern r6:byte
"File: Uart.c        Assembler  Version HGASM0202      Page 15

  36  0000              extern r7:byte
  36  0000              extern _Write_EEPROM_2:byte
  36  0000              extern _Write_EEPROM:near
  36  0000              extern _Get_ADC:near
  36  0000              extern _Read_EEPROM:near
  36  0000              
  36  0000              ; 
  36  0000              ; Generated by holtek-gcc v3.19, Sat Jul 18 17:12:36 2020
  36  0000              ; Rebuild 115
  36  0000              ; end of file


        0 Errors, 0